{"/Users/andeladeveloper/Documents/projects/document-manager/server/test/document.spec.js":{"path":"/Users/andeladeveloper/Documents/projects/document-manager/server/test/document.spec.js","statementMap":{"0":{"start":{"line":3,"column":12},"end":{"line":3,"column":27}},"1":{"start":{"line":5,"column":13},"end":{"line":5,"column":42}},"2":{"start":{"line":7,"column":17},"end":{"line":7,"column":37}},"3":{"start":{"line":9,"column":18},"end":{"line":9,"column":52}},"4":{"start":{"line":11,"column":16},"end":{"line":11,"column":36}},"5":{"start":{"line":13,"column":17},"end":{"line":13,"column":50}},"6":{"start":{"line":15,"column":13},"end":{"line":15,"column":35}},"7":{"start":{"line":17,"column":14},"end":{"line":17,"column":44}},"8":{"start":{"line":19,"column":14},"end":{"line":19,"column":34}},"9":{"start":{"line":21,"column":15},"end":{"line":21,"column":46}},"10":{"start":{"line":23,"column":16},"end":{"line":23,"column":37}},"11":{"start":{"line":25,"column":17},"end":{"line":25,"column":50}},"12":{"start":{"line":27,"column":39},"end":{"line":27,"column":93}},"13":{"start":{"line":29,"column":13},"end":{"line":29,"column":34}},"14":{"start":{"line":30,"column":0},"end":{"line":30,"column":39}},"15":{"start":{"line":31,"column":16},"end":{"line":31,"column":22}},"16":{"start":{"line":32,"column":17},"end":{"line":32,"column":23}},"17":{"start":{"line":33,"column":22},"end":{"line":33,"column":28}},"18":{"start":{"line":34,"column":12},"end":{"line":34,"column":36}},"19":{"start":{"line":35,"column":13},"end":{"line":35,"column":38}},"20":{"start":{"line":38,"column":0},"end":{"line":291,"column":3}},"21":{"start":{"line":39,"column":2},"end":{"line":44,"column":5}},"22":{"start":{"line":40,"column":4},"end":{"line":43,"column":7}},"23":{"start":{"line":41,"column":6},"end":{"line":41,"column":34}},"24":{"start":{"line":42,"column":6},"end":{"line":42,"column":13}},"25":{"start":{"line":45,"column":2},"end":{"line":50,"column":5}},"26":{"start":{"line":46,"column":4},"end":{"line":49,"column":7}},"27":{"start":{"line":47,"column":6},"end":{"line":47,"column":33}},"28":{"start":{"line":48,"column":6},"end":{"line":48,"column":13}},"29":{"start":{"line":51,"column":2},"end":{"line":56,"column":5}},"30":{"start":{"line":52,"column":4},"end":{"line":55,"column":7}},"31":{"start":{"line":53,"column":6},"end":{"line":53,"column":39}},"32":{"start":{"line":54,"column":6},"end":{"line":54,"column":13}},"33":{"start":{"line":57,"column":2},"end":{"line":60,"column":5}},"34":{"start":{"line":58,"column":4},"end":{"line":58,"column":76}},"35":{"start":{"line":59,"column":4},"end":{"line":59,"column":11}},"36":{"start":{"line":62,"column":2},"end":{"line":106,"column":5}},"37":{"start":{"line":63,"column":4},"end":{"line":79,"column":7}},"38":{"start":{"line":64,"column":21},"end":{"line":69,"column":7}},"39":{"start":{"line":70,"column":6},"end":{"line":78,"column":9}},"40":{"start":{"line":71,"column":8},"end":{"line":71,"column":41}},"41":{"start":{"line":72,"column":8},"end":{"line":72,"column":43}},"42":{"start":{"line":73,"column":8},"end":{"line":73,"column":48}},"43":{"start":{"line":74,"column":8},"end":{"line":74,"column":54}},"44":{"start":{"line":75,"column":8},"end":{"line":75,"column":71}},"45":{"start":{"line":76,"column":8},"end":{"line":76,"column":51}},"46":{"start":{"line":77,"column":8},"end":{"line":77,"column":15}},"47":{"start":{"line":81,"column":4},"end":{"line":91,"column":7}},"48":{"start":{"line":82,"column":21},"end":{"line":86,"column":7}},"49":{"start":{"line":87,"column":6},"end":{"line":90,"column":9}},"50":{"start":{"line":88,"column":8},"end":{"line":88,"column":41}},"51":{"start":{"line":89,"column":8},"end":{"line":89,"column":67}},"52":{"start":{"line":92,"column":4},"end":{"line":105,"column":7}},"53":{"start":{"line":93,"column":21},"end":{"line":98,"column":7}},"54":{"start":{"line":99,"column":6},"end":{"line":104,"column":9}},"55":{"start":{"line":100,"column":8},"end":{"line":100,"column":41}},"56":{"start":{"line":101,"column":8},"end":{"line":101,"column":43}},"57":{"start":{"line":102,"column":8},"end":{"line":102,"column":62}},"58":{"start":{"line":103,"column":8},"end":{"line":103,"column":15}},"59":{"start":{"line":108,"column":2},"end":{"line":142,"column":5}},"60":{"start":{"line":109,"column":4},"end":{"line":116,"column":7}},"61":{"start":{"line":110,"column":6},"end":{"line":115,"column":9}},"62":{"start":{"line":111,"column":8},"end":{"line":111,"column":41}},"63":{"start":{"line":112,"column":8},"end":{"line":112,"column":43}},"64":{"start":{"line":113,"column":8},"end":{"line":113,"column":66}},"65":{"start":{"line":114,"column":8},"end":{"line":114,"column":15}},"66":{"start":{"line":117,"column":4},"end":{"line":125,"column":7}},"67":{"start":{"line":118,"column":6},"end":{"line":124,"column":9}},"68":{"start":{"line":119,"column":8},"end":{"line":119,"column":41}},"69":{"start":{"line":120,"column":8},"end":{"line":120,"column":43}},"70":{"start":{"line":121,"column":8},"end":{"line":121,"column":62}},"71":{"start":{"line":122,"column":8},"end":{"line":122,"column":47}},"72":{"start":{"line":123,"column":8},"end":{"line":123,"column":15}},"73":{"start":{"line":126,"column":4},"end":{"line":133,"column":7}},"74":{"start":{"line":127,"column":18},"end":{"line":127,"column":19}},"75":{"start":{"line":128,"column":6},"end":{"line":132,"column":9}},"76":{"start":{"line":129,"column":8},"end":{"line":129,"column":41}},"77":{"start":{"line":130,"column":8},"end":{"line":130,"column":43}},"78":{"start":{"line":131,"column":8},"end":{"line":131,"column":15}},"79":{"start":{"line":134,"column":4},"end":{"line":141,"column":7}},"80":{"start":{"line":135,"column":19},"end":{"line":135,"column":20}},"81":{"start":{"line":136,"column":6},"end":{"line":140,"column":9}},"82":{"start":{"line":137,"column":8},"end":{"line":137,"column":41}},"83":{"start":{"line":138,"column":8},"end":{"line":138,"column":43}},"84":{"start":{"line":139,"column":8},"end":{"line":139,"column":15}},"85":{"start":{"line":144,"column":2},"end":{"line":217,"column":5}},"86":{"start":{"line":145,"column":4},"end":{"line":153,"column":7}},"87":{"start":{"line":146,"column":23},"end":{"line":146,"column":24}},"88":{"start":{"line":147,"column":6},"end":{"line":152,"column":9}},"89":{"start":{"line":148,"column":8},"end":{"line":148,"column":41}},"90":{"start":{"line":149,"column":8},"end":{"line":149,"column":43}},"91":{"start":{"line":150,"column":8},"end":{"line":150,"column":62}},"92":{"start":{"line":151,"column":8},"end":{"line":151,"column":15}},"93":{"start":{"line":154,"column":4},"end":{"line":164,"column":7}},"94":{"start":{"line":155,"column":23},"end":{"line":155,"column":24}},"95":{"start":{"line":156,"column":6},"end":{"line":163,"column":9}},"96":{"start":{"line":157,"column":8},"end":{"line":157,"column":41}},"97":{"start":{"line":158,"column":8},"end":{"line":158,"column":43}},"98":{"start":{"line":159,"column":8},"end":{"line":159,"column":38}},"99":{"start":{"line":160,"column":8},"end":{"line":160,"column":56}},"100":{"start":{"line":161,"column":8},"end":{"line":161,"column":51}},"101":{"start":{"line":162,"column":8},"end":{"line":162,"column":15}},"102":{"start":{"line":165,"column":4},"end":{"line":173,"column":7}},"103":{"start":{"line":166,"column":23},"end":{"line":166,"column":24}},"104":{"start":{"line":167,"column":6},"end":{"line":172,"column":9}},"105":{"start":{"line":168,"column":8},"end":{"line":168,"column":41}},"106":{"start":{"line":169,"column":8},"end":{"line":169,"column":43}},"107":{"start":{"line":170,"column":8},"end":{"line":170,"column":88}},"108":{"start":{"line":171,"column":8},"end":{"line":171,"column":15}},"109":{"start":{"line":174,"column":4},"end":{"line":185,"column":7}},"110":{"start":{"line":175,"column":23},"end":{"line":175,"column":24}},"111":{"start":{"line":176,"column":6},"end":{"line":184,"column":9}},"112":{"start":{"line":177,"column":8},"end":{"line":177,"column":41}},"113":{"start":{"line":178,"column":8},"end":{"line":178,"column":43}},"114":{"start":{"line":179,"column":8},"end":{"line":179,"column":50}},"115":{"start":{"line":180,"column":8},"end":{"line":180,"column":54}},"116":{"start":{"line":181,"column":8},"end":{"line":181,"column":38}},"117":{"start":{"line":182,"column":8},"end":{"line":182,"column":42}},"118":{"start":{"line":183,"column":8},"end":{"line":183,"column":15}},"119":{"start":{"line":186,"column":4},"end":{"line":194,"column":7}},"120":{"start":{"line":187,"column":23},"end":{"line":187,"column":24}},"121":{"start":{"line":188,"column":6},"end":{"line":193,"column":9}},"122":{"start":{"line":189,"column":8},"end":{"line":189,"column":41}},"123":{"start":{"line":190,"column":8},"end":{"line":190,"column":43}},"124":{"start":{"line":191,"column":8},"end":{"line":191,"column":88}},"125":{"start":{"line":192,"column":8},"end":{"line":192,"column":15}},"126":{"start":{"line":195,"column":4},"end":{"line":205,"column":7}},"127":{"start":{"line":196,"column":23},"end":{"line":196,"column":24}},"128":{"start":{"line":197,"column":6},"end":{"line":204,"column":9}},"129":{"start":{"line":198,"column":8},"end":{"line":198,"column":41}},"130":{"start":{"line":199,"column":8},"end":{"line":199,"column":43}},"131":{"start":{"line":200,"column":8},"end":{"line":200,"column":38}},"132":{"start":{"line":201,"column":8},"end":{"line":201,"column":53}},"133":{"start":{"line":202,"column":8},"end":{"line":202,"column":47}},"134":{"start":{"line":203,"column":8},"end":{"line":203,"column":15}},"135":{"start":{"line":206,"column":4},"end":{"line":216,"column":7}},"136":{"start":{"line":207,"column":23},"end":{"line":207,"column":24}},"137":{"start":{"line":208,"column":6},"end":{"line":214,"column":9}},"138":{"start":{"line":209,"column":8},"end":{"line":209,"column":41}},"139":{"start":{"line":210,"column":8},"end":{"line":210,"column":43}},"140":{"start":{"line":211,"column":8},"end":{"line":211,"column":38}},"141":{"start":{"line":212,"column":8},"end":{"line":212,"column":53}},"142":{"start":{"line":213,"column":8},"end":{"line":213,"column":47}},"143":{"start":{"line":215,"column":6},"end":{"line":215,"column":13}},"144":{"start":{"line":219,"column":2},"end":{"line":255,"column":5}},"145":{"start":{"line":220,"column":4},"end":{"line":229,"column":7}},"146":{"start":{"line":221,"column":15},"end":{"line":221,"column":16}},"147":{"start":{"line":222,"column":6},"end":{"line":228,"column":9}},"148":{"start":{"line":223,"column":8},"end":{"line":223,"column":41}},"149":{"start":{"line":224,"column":8},"end":{"line":224,"column":43}},"150":{"start":{"line":225,"column":8},"end":{"line":225,"column":38}},"151":{"start":{"line":226,"column":8},"end":{"line":226,"column":56}},"152":{"start":{"line":227,"column":8},"end":{"line":227,"column":15}},"153":{"start":{"line":230,"column":4},"end":{"line":238,"column":7}},"154":{"start":{"line":231,"column":15},"end":{"line":231,"column":16}},"155":{"start":{"line":232,"column":6},"end":{"line":237,"column":9}},"156":{"start":{"line":233,"column":8},"end":{"line":233,"column":41}},"157":{"start":{"line":234,"column":8},"end":{"line":234,"column":43}},"158":{"start":{"line":235,"column":8},"end":{"line":235,"column":88}},"159":{"start":{"line":236,"column":8},"end":{"line":236,"column":15}},"160":{"start":{"line":239,"column":4},"end":{"line":245,"column":7}},"161":{"start":{"line":240,"column":15},"end":{"line":240,"column":16}},"162":{"start":{"line":241,"column":6},"end":{"line":244,"column":9}},"163":{"start":{"line":242,"column":8},"end":{"line":242,"column":41}},"164":{"start":{"line":243,"column":8},"end":{"line":243,"column":15}},"165":{"start":{"line":246,"column":4},"end":{"line":254,"column":7}},"166":{"start":{"line":247,"column":15},"end":{"line":247,"column":17}},"167":{"start":{"line":248,"column":6},"end":{"line":253,"column":9}},"168":{"start":{"line":249,"column":8},"end":{"line":249,"column":41}},"169":{"start":{"line":250,"column":8},"end":{"line":250,"column":43}},"170":{"start":{"line":251,"column":8},"end":{"line":251,"column":62}},"171":{"start":{"line":252,"column":8},"end":{"line":252,"column":15}},"172":{"start":{"line":257,"column":2},"end":{"line":290,"column":5}},"173":{"start":{"line":258,"column":4},"end":{"line":264,"column":7}},"174":{"start":{"line":259,"column":15},"end":{"line":259,"column":16}},"175":{"start":{"line":260,"column":6},"end":{"line":263,"column":9}},"176":{"start":{"line":261,"column":8},"end":{"line":261,"column":41}},"177":{"start":{"line":262,"column":8},"end":{"line":262,"column":15}},"178":{"start":{"line":265,"column":4},"end":{"line":271,"column":7}},"179":{"start":{"line":266,"column":15},"end":{"line":266,"column":16}},"180":{"start":{"line":267,"column":6},"end":{"line":270,"column":9}},"181":{"start":{"line":268,"column":8},"end":{"line":268,"column":41}},"182":{"start":{"line":269,"column":8},"end":{"line":269,"column":15}},"183":{"start":{"line":272,"column":4},"end":{"line":280,"column":7}},"184":{"start":{"line":273,"column":15},"end":{"line":273,"column":16}},"185":{"start":{"line":274,"column":6},"end":{"line":279,"column":9}},"186":{"start":{"line":275,"column":8},"end":{"line":275,"column":41}},"187":{"start":{"line":276,"column":8},"end":{"line":276,"column":43}},"188":{"start":{"line":277,"column":8},"end":{"line":277,"column":90}},"189":{"start":{"line":278,"column":8},"end":{"line":278,"column":15}},"190":{"start":{"line":281,"column":4},"end":{"line":289,"column":7}},"191":{"start":{"line":282,"column":15},"end":{"line":282,"column":18}},"192":{"start":{"line":283,"column":6},"end":{"line":288,"column":9}},"193":{"start":{"line":284,"column":8},"end":{"line":284,"column":41}},"194":{"start":{"line":285,"column":8},"end":{"line":285,"column":43}},"195":{"start":{"line":286,"column":8},"end":{"line":286,"column":62}},"196":{"start":{"line":287,"column":8},"end":{"line":287,"column":15}}},"fnMap":{"0":{"name":"_interopRequireDefault","decl":{"start":{"line":27,"column":9},"end":{"line":27,"column":31}},"loc":{"start":{"line":27,"column":37},"end":{"line":27,"column":95}},"line":27},"1":{"name":"(anonymous_1)","decl":{"start":{"line":38,"column":22},"end":{"line":38,"column":23}},"loc":{"start":{"line":38,"column":34},"end":{"line":291,"column":1}},"line":38},"2":{"name":"(anonymous_2)","decl":{"start":{"line":39,"column":9},"end":{"line":39,"column":10}},"loc":{"start":{"line":39,"column":25},"end":{"line":44,"column":3}},"line":39},"3":{"name":"(anonymous_3)","decl":{"start":{"line":40,"column":90},"end":{"line":40,"column":91}},"loc":{"start":{"line":40,"column":110},"end":{"line":43,"column":5}},"line":40},"4":{"name":"(anonymous_4)","decl":{"start":{"line":45,"column":9},"end":{"line":45,"column":10}},"loc":{"start":{"line":45,"column":25},"end":{"line":50,"column":3}},"line":45},"5":{"name":"(anonymous_5)","decl":{"start":{"line":46,"column":91},"end":{"line":46,"column":92}},"loc":{"start":{"line":46,"column":111},"end":{"line":49,"column":5}},"line":46},"6":{"name":"(anonymous_6)","decl":{"start":{"line":51,"column":9},"end":{"line":51,"column":10}},"loc":{"start":{"line":51,"column":25},"end":{"line":56,"column":3}},"line":51},"7":{"name":"(anonymous_7)","decl":{"start":{"line":52,"column":136},"end":{"line":52,"column":137}},"loc":{"start":{"line":52,"column":156},"end":{"line":55,"column":5}},"line":52},"8":{"name":"(anonymous_8)","decl":{"start":{"line":57,"column":8},"end":{"line":57,"column":9}},"loc":{"start":{"line":57,"column":24},"end":{"line":60,"column":3}},"line":57},"9":{"name":"(anonymous_9)","decl":{"start":{"line":62,"column":29},"end":{"line":62,"column":30}},"loc":{"start":{"line":62,"column":41},"end":{"line":106,"column":3}},"line":62},"10":{"name":"(anonymous_10)","decl":{"start":{"line":63,"column":65},"end":{"line":63,"column":66}},"loc":{"start":{"line":63,"column":81},"end":{"line":79,"column":5}},"line":63},"11":{"name":"(anonymous_11)","decl":{"start":{"line":70,"column":127},"end":{"line":70,"column":128}},"loc":{"start":{"line":70,"column":147},"end":{"line":78,"column":7}},"line":70},"12":{"name":"(anonymous_12)","decl":{"start":{"line":81,"column":48},"end":{"line":81,"column":49}},"loc":{"start":{"line":81,"column":60},"end":{"line":91,"column":5}},"line":81},"13":{"name":"(anonymous_13)","decl":{"start":{"line":87,"column":112},"end":{"line":87,"column":113}},"loc":{"start":{"line":87,"column":132},"end":{"line":90,"column":7}},"line":87},"14":{"name":"(anonymous_14)","decl":{"start":{"line":92,"column":77},"end":{"line":92,"column":78}},"loc":{"start":{"line":92,"column":93},"end":{"line":105,"column":5}},"line":92},"15":{"name":"(anonymous_15)","decl":{"start":{"line":99,"column":93},"end":{"line":99,"column":94}},"loc":{"start":{"line":99,"column":113},"end":{"line":104,"column":7}},"line":99},"16":{"name":"(anonymous_16)","decl":{"start":{"line":108,"column":29},"end":{"line":108,"column":30}},"loc":{"start":{"line":108,"column":41},"end":{"line":142,"column":3}},"line":108},"17":{"name":"(anonymous_17)","decl":{"start":{"line":109,"column":70},"end":{"line":109,"column":71}},"loc":{"start":{"line":109,"column":86},"end":{"line":116,"column":5}},"line":109},"18":{"name":"(anonymous_18)","decl":{"start":{"line":110,"column":111},"end":{"line":110,"column":112}},"loc":{"start":{"line":110,"column":131},"end":{"line":115,"column":7}},"line":110},"19":{"name":"(anonymous_19)","decl":{"start":{"line":117,"column":76},"end":{"line":117,"column":77}},"loc":{"start":{"line":117,"column":92},"end":{"line":125,"column":5}},"line":117},"20":{"name":"(anonymous_20)","decl":{"start":{"line":118,"column":78},"end":{"line":118,"column":79}},"loc":{"start":{"line":118,"column":98},"end":{"line":124,"column":7}},"line":118},"21":{"name":"(anonymous_21)","decl":{"start":{"line":126,"column":65},"end":{"line":126,"column":66}},"loc":{"start":{"line":126,"column":81},"end":{"line":133,"column":5}},"line":126},"22":{"name":"(anonymous_22)","decl":{"start":{"line":128,"column":126},"end":{"line":128,"column":127}},"loc":{"start":{"line":128,"column":146},"end":{"line":132,"column":7}},"line":128},"23":{"name":"(anonymous_23)","decl":{"start":{"line":134,"column":66},"end":{"line":134,"column":67}},"loc":{"start":{"line":134,"column":82},"end":{"line":141,"column":5}},"line":134},"24":{"name":"(anonymous_24)","decl":{"start":{"line":136,"column":127},"end":{"line":136,"column":128}},"loc":{"start":{"line":136,"column":147},"end":{"line":140,"column":7}},"line":136},"25":{"name":"(anonymous_25)","decl":{"start":{"line":144,"column":32},"end":{"line":144,"column":33}},"loc":{"start":{"line":144,"column":44},"end":{"line":217,"column":3}},"line":144},"26":{"name":"(anonymous_26)","decl":{"start":{"line":145,"column":58},"end":{"line":145,"column":59}},"loc":{"start":{"line":145,"column":74},"end":{"line":153,"column":5}},"line":145},"27":{"name":"(anonymous_27)","decl":{"start":{"line":147,"column":131},"end":{"line":147,"column":132}},"loc":{"start":{"line":147,"column":151},"end":{"line":152,"column":7}},"line":147},"28":{"name":"(anonymous_28)","decl":{"start":{"line":154,"column":49},"end":{"line":154,"column":50}},"loc":{"start":{"line":154,"column":65},"end":{"line":164,"column":5}},"line":154},"29":{"name":"(anonymous_29)","decl":{"start":{"line":156,"column":131},"end":{"line":156,"column":132}},"loc":{"start":{"line":156,"column":151},"end":{"line":163,"column":7}},"line":156},"30":{"name":"(anonymous_30)","decl":{"start":{"line":165,"column":81},"end":{"line":165,"column":82}},"loc":{"start":{"line":165,"column":97},"end":{"line":173,"column":5}},"line":165},"31":{"name":"(anonymous_31)","decl":{"start":{"line":167,"column":137},"end":{"line":167,"column":138}},"loc":{"start":{"line":167,"column":157},"end":{"line":172,"column":7}},"line":167},"32":{"name":"(anonymous_32)","decl":{"start":{"line":174,"column":77},"end":{"line":174,"column":78}},"loc":{"start":{"line":174,"column":93},"end":{"line":185,"column":5}},"line":174},"33":{"name":"(anonymous_33)","decl":{"start":{"line":176,"column":131},"end":{"line":176,"column":132}},"loc":{"start":{"line":176,"column":151},"end":{"line":184,"column":7}},"line":176},"34":{"name":"(anonymous_34)","decl":{"start":{"line":186,"column":80},"end":{"line":186,"column":81}},"loc":{"start":{"line":186,"column":96},"end":{"line":194,"column":5}},"line":186},"35":{"name":"(anonymous_35)","decl":{"start":{"line":188,"column":137},"end":{"line":188,"column":138}},"loc":{"start":{"line":188,"column":157},"end":{"line":193,"column":7}},"line":188},"36":{"name":"(anonymous_36)","decl":{"start":{"line":195,"column":71},"end":{"line":195,"column":72}},"loc":{"start":{"line":195,"column":87},"end":{"line":205,"column":5}},"line":195},"37":{"name":"(anonymous_37)","decl":{"start":{"line":197,"column":131},"end":{"line":197,"column":132}},"loc":{"start":{"line":197,"column":151},"end":{"line":204,"column":7}},"line":197},"38":{"name":"(anonymous_38)","decl":{"start":{"line":206,"column":61},"end":{"line":206,"column":62}},"loc":{"start":{"line":206,"column":77},"end":{"line":216,"column":5}},"line":206},"39":{"name":"(anonymous_39)","decl":{"start":{"line":208,"column":132},"end":{"line":208,"column":133}},"loc":{"start":{"line":208,"column":152},"end":{"line":214,"column":7}},"line":208},"40":{"name":"(anonymous_40)","decl":{"start":{"line":219,"column":33},"end":{"line":219,"column":34}},"loc":{"start":{"line":219,"column":45},"end":{"line":255,"column":3}},"line":219},"41":{"name":"(anonymous_41)","decl":{"start":{"line":220,"column":69},"end":{"line":220,"column":70}},"loc":{"start":{"line":220,"column":85},"end":{"line":229,"column":5}},"line":220},"42":{"name":"(anonymous_42)","decl":{"start":{"line":222,"column":151},"end":{"line":222,"column":152}},"loc":{"start":{"line":222,"column":171},"end":{"line":228,"column":7}},"line":222},"43":{"name":"(anonymous_43)","decl":{"start":{"line":230,"column":94},"end":{"line":230,"column":95}},"loc":{"start":{"line":230,"column":110},"end":{"line":238,"column":5}},"line":230},"44":{"name":"(anonymous_44)","decl":{"start":{"line":232,"column":163},"end":{"line":232,"column":164}},"loc":{"start":{"line":232,"column":183},"end":{"line":237,"column":7}},"line":232},"45":{"name":"(anonymous_45)","decl":{"start":{"line":239,"column":74},"end":{"line":239,"column":75}},"loc":{"start":{"line":239,"column":90},"end":{"line":245,"column":5}},"line":239},"46":{"name":"(anonymous_46)","decl":{"start":{"line":241,"column":146},"end":{"line":241,"column":147}},"loc":{"start":{"line":241,"column":166},"end":{"line":244,"column":7}},"line":241},"47":{"name":"(anonymous_47)","decl":{"start":{"line":246,"column":80},"end":{"line":246,"column":81}},"loc":{"start":{"line":246,"column":96},"end":{"line":254,"column":5}},"line":246},"48":{"name":"(anonymous_48)","decl":{"start":{"line":248,"column":145},"end":{"line":248,"column":146}},"loc":{"start":{"line":248,"column":165},"end":{"line":253,"column":7}},"line":248},"49":{"name":"(anonymous_49)","decl":{"start":{"line":257,"column":34},"end":{"line":257,"column":35}},"loc":{"start":{"line":257,"column":46},"end":{"line":290,"column":3}},"line":257},"50":{"name":"(anonymous_50)","decl":{"start":{"line":258,"column":64},"end":{"line":258,"column":65}},"loc":{"start":{"line":258,"column":80},"end":{"line":264,"column":5}},"line":258},"51":{"name":"(anonymous_51)","decl":{"start":{"line":260,"column":121},"end":{"line":260,"column":122}},"loc":{"start":{"line":260,"column":141},"end":{"line":263,"column":7}},"line":260},"52":{"name":"(anonymous_52)","decl":{"start":{"line":265,"column":60},"end":{"line":265,"column":61}},"loc":{"start":{"line":265,"column":76},"end":{"line":271,"column":5}},"line":265},"53":{"name":"(anonymous_53)","decl":{"start":{"line":267,"column":120},"end":{"line":267,"column":121}},"loc":{"start":{"line":267,"column":140},"end":{"line":270,"column":7}},"line":267},"54":{"name":"(anonymous_54)","decl":{"start":{"line":272,"column":77},"end":{"line":272,"column":78}},"loc":{"start":{"line":272,"column":93},"end":{"line":280,"column":5}},"line":272},"55":{"name":"(anonymous_55)","decl":{"start":{"line":274,"column":124},"end":{"line":274,"column":125}},"loc":{"start":{"line":274,"column":144},"end":{"line":279,"column":7}},"line":274},"56":{"name":"(anonymous_56)","decl":{"start":{"line":281,"column":63},"end":{"line":281,"column":64}},"loc":{"start":{"line":281,"column":79},"end":{"line":289,"column":5}},"line":281},"57":{"name":"(anonymous_57)","decl":{"start":{"line":283,"column":118},"end":{"line":283,"column":119}},"loc":{"start":{"line":283,"column":138},"end":{"line":288,"column":7}},"line":283}},"branchMap":{"0":{"loc":{"start":{"line":27,"column":46},"end":{"line":27,"column":92}},"type":"cond-expr","locations":[{"start":{"line":27,"column":70},"end":{"line":27,"column":73}},{"start":{"line":27,"column":76},"end":{"line":27,"column":92}}],"line":27},"1":{"loc":{"start":{"line":27,"column":46},"end":{"line":27,"column":67}},"type":"binary-expr","locations":[{"start":{"line":27,"column":46},"end":{"line":27,"column":49}},{"start":{"line":27,"column":53},"end":{"line":27,"column":67}}],"line":27}},"s":{"0":1,"1":1,"2":1,"3":1,"4":1,"5":1,"6":1,"7":1,"8":1,"9":1,"10":1,"11":1,"12":6,"13":1,"14":1,"15":1,"16":1,"17":1,"18":1,"19":1,"20":1,"21":1,"22":1,"23":1,"24":1,"25":1,"26":1,"27":1,"28":1,"29":1,"30":1,"31":1,"32":1,"33":1,"34":1,"35":1,"36":1,"37":1,"38":1,"39":1,"40":1,"41":1,"42":1,"43":1,"44":1,"45":1,"46":1,"47":1,"48":1,"49":1,"50":1,"51":0,"52":1,"53":1,"54":1,"55":1,"56":1,"57":1,"58":1,"59":1,"60":1,"61":1,"62":1,"63":1,"64":1,"65":1,"66":1,"67":1,"68":1,"69":1,"70":1,"71":1,"72":1,"73":1,"74":1,"75":1,"76":1,"77":1,"78":1,"79":1,"80":1,"81":1,"82":1,"83":1,"84":1,"85":1,"86":1,"87":1,"88":1,"89":1,"90":1,"91":1,"92":1,"93":1,"94":1,"95":1,"96":1,"97":1,"98":1,"99":1,"100":1,"101":1,"102":1,"103":1,"104":1,"105":1,"106":1,"107":1,"108":1,"109":1,"110":1,"111":1,"112":1,"113":1,"114":1,"115":1,"116":1,"117":1,"118":1,"119":1,"120":1,"121":1,"122":1,"123":1,"124":1,"125":1,"126":1,"127":1,"128":1,"129":1,"130":1,"131":1,"132":1,"133":1,"134":1,"135":1,"136":1,"137":1,"138":0,"139":0,"140":0,"141":0,"142":0,"143":1,"144":1,"145":1,"146":1,"147":1,"148":1,"149":1,"150":1,"151":1,"152":1,"153":1,"154":1,"155":1,"156":1,"157":1,"158":1,"159":1,"160":1,"161":1,"162":1,"163":1,"164":1,"165":1,"166":1,"167":1,"168":1,"169":1,"170":1,"171":1,"172":1,"173":1,"174":1,"175":1,"176":1,"177":1,"178":1,"179":1,"180":1,"181":1,"182":1,"183":1,"184":1,"185":1,"186":1,"187":1,"188":1,"189":1,"190":1,"191":1,"192":1,"193":1,"194":1,"195":1,"196":1},"f":{"0":6,"1":1,"2":1,"3":1,"4":1,"5":1,"6":1,"7":1,"8":1,"9":1,"10":1,"11":1,"12":1,"13":1,"14":1,"15":1,"16":1,"17":1,"18":1,"19":1,"20":1,"21":1,"22":1,"23":1,"24":1,"25":1,"26":1,"27":1,"28":1,"29":1,"30":1,"31":1,"32":1,"33":1,"34":1,"35":1,"36":1,"37":1,"38":1,"39":0,"40":1,"41":1,"42":1,"43":1,"44":1,"45":1,"46":1,"47":1,"48":1,"49":1,"50":1,"51":1,"52":1,"53":1,"54":1,"55":1,"56":1,"57":1},"b":{"0":[2,4],"1":[6,6]},"_coverageSchema":"332fd63041d2c1bcb487cc26dd0d5f7d97098a6c","hash":"9950cafa7535719075ca08f761476020d23ba2d4","contentHash":"2831e31d3c9421fa210c6980425495e9_11.0.3"},"/Users/andeladeveloper/Documents/projects/document-manager/index.js":{"path":"/Users/andeladeveloper/Documents/projects/document-manager/index.js","statementMap":{"0":{"start":{"line":3,"column":0},"end":{"line":5,"column":3}},"1":{"start":{"line":7,"column":15},"end":{"line":7,"column":49}},"2":{"start":{"line":9,"column":16},"end":{"line":9,"column":48}},"3":{"start":{"line":11,"column":39},"end":{"line":11,"column":93}},"4":{"start":{"line":13,"column":11},"end":{"line":13,"column":35}},"5":{"start":{"line":15,"column":13},"end":{"line":17,"column":2}},"6":{"start":{"line":16,"column":2},"end":{"line":16,"column":63}},"7":{"start":{"line":19,"column":0},"end":{"line":19,"column":25}}},"fnMap":{"0":{"name":"_interopRequireDefault","decl":{"start":{"line":11,"column":9},"end":{"line":11,"column":31}},"loc":{"start":{"line":11,"column":37},"end":{"line":11,"column":95}},"line":11},"1":{"name":"(anonymous_1)","decl":{"start":{"line":15,"column":44},"end":{"line":15,"column":45}},"loc":{"start":{"line":15,"column":56},"end":{"line":17,"column":1}},"line":15}},"branchMap":{"0":{"loc":{"start":{"line":11,"column":46},"end":{"line":11,"column":92}},"type":"cond-expr","locations":[{"start":{"line":11,"column":70},"end":{"line":11,"column":73}},{"start":{"line":11,"column":76},"end":{"line":11,"column":92}}],"line":11},"1":{"loc":{"start":{"line":11,"column":46},"end":{"line":11,"column":67}},"type":"binary-expr","locations":[{"start":{"line":11,"column":46},"end":{"line":11,"column":49}},{"start":{"line":11,"column":53},"end":{"line":11,"column":67}}],"line":11},"2":{"loc":{"start":{"line":13,"column":11},"end":{"line":13,"column":35}},"type":"binary-expr","locations":[{"start":{"line":13,"column":11},"end":{"line":13,"column":27}},{"start":{"line":13,"column":31},"end":{"line":13,"column":35}}],"line":13}},"s":{"0":1,"1":1,"2":1,"3":1,"4":1,"5":1,"6":1,"7":1},"f":{"0":1,"1":1},"b":{"0":[1,0],"1":[1,1],"2":[1,1]},"_coverageSchema":"332fd63041d2c1bcb487cc26dd0d5f7d97098a6c","hash":"2c3f4d308d6c389ee08f6e68cdad1a35bf84c346","contentHash":"b011e4774c730a6764287d46023c385e_11.0.3"},"/Users/andeladeveloper/Documents/projects/document-manager/server/config/express.js":{"path":"/Users/andeladeveloper/Documents/projects/document-manager/server/config/express.js","statementMap":{"0":{"start":{"line":3,"column":0},"end":{"line":5,"column":3}},"1":{"start":{"line":7,"column":15},"end":{"line":7,"column":33}},"2":{"start":{"line":9,"column":16},"end":{"line":9,"column":48}},"3":{"start":{"line":11,"column":18},"end":{"line":11,"column":40}},"4":{"start":{"line":13,"column":19},"end":{"line":13,"column":54}},"5":{"start":{"line":15,"column":14},"end":{"line":15,"column":31}},"6":{"start":{"line":17,"column":15},"end":{"line":17,"column":46}},"7":{"start":{"line":19,"column":24},"end":{"line":19,"column":52}},"8":{"start":{"line":21,"column":25},"end":{"line":21,"column":66}},"9":{"start":{"line":23,"column":14},"end":{"line":23,"column":34}},"10":{"start":{"line":25,"column":15},"end":{"line":25,"column":46}},"11":{"start":{"line":27,"column":39},"end":{"line":27,"column":93}},"12":{"start":{"line":29,"column":10},"end":{"line":29,"column":34}},"13":{"start":{"line":31,"column":0},"end":{"line":31,"column":38}},"14":{"start":{"line":33,"column":0},"end":{"line":33,"column":37}},"15":{"start":{"line":34,"column":0},"end":{"line":34,"column":62}},"16":{"start":{"line":35,"column":0},"end":{"line":35,"column":43}},"17":{"start":{"line":37,"column":0},"end":{"line":46,"column":3}},"18":{"start":{"line":38,"column":13},"end":{"line":38,"column":21}},"19":{"start":{"line":39,"column":13},"end":{"line":39,"column":18}},"20":{"start":{"line":40,"column":2},"end":{"line":44,"column":4}},"21":{"start":{"line":41,"column":4},"end":{"line":41,"column":21}},"22":{"start":{"line":41,"column":14},"end":{"line":41,"column":21}},"23":{"start":{"line":42,"column":4},"end":{"line":42,"column":25}},"24":{"start":{"line":43,"column":4},"end":{"line":43,"column":16}},"25":{"start":{"line":45,"column":2},"end":{"line":45,"column":9}},"26":{"start":{"line":49,"column":0},"end":{"line":49,"column":37}},"27":{"start":{"line":51,"column":0},"end":{"line":51,"column":22}}},"fnMap":{"0":{"name":"_interopRequireDefault","decl":{"start":{"line":27,"column":9},"end":{"line":27,"column":31}},"loc":{"start":{"line":27,"column":37},"end":{"line":27,"column":95}},"line":27},"1":{"name":"(anonymous_1)","decl":{"start":{"line":37,"column":8},"end":{"line":37,"column":9}},"loc":{"start":{"line":37,"column":34},"end":{"line":46,"column":1}},"line":37},"2":{"name":"(anonymous_2)","decl":{"start":{"line":40,"column":13},"end":{"line":40,"column":14}},"loc":{"start":{"line":40,"column":29},"end":{"line":44,"column":3}},"line":40}},"branchMap":{"0":{"loc":{"start":{"line":27,"column":46},"end":{"line":27,"column":92}},"type":"cond-expr","locations":[{"start":{"line":27,"column":70},"end":{"line":27,"column":73}},{"start":{"line":27,"column":76},"end":{"line":27,"column":92}}],"line":27},"1":{"loc":{"start":{"line":27,"column":46},"end":{"line":27,"column":67}},"type":"binary-expr","locations":[{"start":{"line":27,"column":46},"end":{"line":27,"column":49}},{"start":{"line":27,"column":53},"end":{"line":27,"column":67}}],"line":27},"2":{"loc":{"start":{"line":41,"column":4},"end":{"line":41,"column":21}},"type":"if","locations":[{"start":{"line":41,"column":4},"end":{"line":41,"column":21}},{"start":{"line":41,"column":4},"end":{"line":41,"column":21}}],"line":41}},"s":{"0":1,"1":1,"2":1,"3":1,"4":1,"5":1,"6":1,"7":1,"8":1,"9":1,"10":1,"11":5,"12":1,"13":1,"14":1,"15":1,"16":1,"17":1,"18":76,"19":76,"20":76,"21":106,"22":4,"23":102,"24":102,"25":76,"26":1,"27":1},"f":{"0":5,"1":76,"2":106},"b":{"0":[1,4],"1":[5,5],"2":[4,102]},"_coverageSchema":"332fd63041d2c1bcb487cc26dd0d5f7d97098a6c","hash":"631ffa56d34b584cfaaf514a9d3aab5ddb9550d2","contentHash":"68477734160cec3adc5d527b8a040a9b_11.0.3"},"/Users/andeladeveloper/Documents/projects/document-manager/server/routes/index.js":{"path":"/Users/andeladeveloper/Documents/projects/document-manager/server/routes/index.js","statementMap":{"0":{"start":{"line":3,"column":0},"end":{"line":5,"column":3}},"1":{"start":{"line":7,"column":15},"end":{"line":7,"column":33}},"2":{"start":{"line":9,"column":16},"end":{"line":9,"column":48}},"3":{"start":{"line":11,"column":13},"end":{"line":11,"column":31}},"4":{"start":{"line":13,"column":14},"end":{"line":13,"column":44}},"5":{"start":{"line":15,"column":14},"end":{"line":15,"column":33}},"6":{"start":{"line":17,"column":15},"end":{"line":17,"column":46}},"7":{"start":{"line":19,"column":17},"end":{"line":19,"column":39}},"8":{"start":{"line":21,"column":18},"end":{"line":21,"column":52}},"9":{"start":{"line":23,"column":13},"end":{"line":23,"column":31}},"10":{"start":{"line":25,"column":14},"end":{"line":25,"column":44}},"11":{"start":{"line":27,"column":39},"end":{"line":27,"column":93}},"12":{"start":{"line":29,"column":13},"end":{"line":29,"column":39}},"13":{"start":{"line":32,"column":0},"end":{"line":32,"column":38}},"14":{"start":{"line":33,"column":0},"end":{"line":33,"column":40}},"15":{"start":{"line":34,"column":0},"end":{"line":34,"column":46}},"16":{"start":{"line":35,"column":0},"end":{"line":35,"column":38}},"17":{"start":{"line":37,"column":0},"end":{"line":37,"column":25}}},"fnMap":{"0":{"name":"_interopRequireDefault","decl":{"start":{"line":27,"column":9},"end":{"line":27,"column":31}},"loc":{"start":{"line":27,"column":37},"end":{"line":27,"column":95}},"line":27}},"branchMap":{"0":{"loc":{"start":{"line":27,"column":46},"end":{"line":27,"column":92}},"type":"cond-expr","locations":[{"start":{"line":27,"column":70},"end":{"line":27,"column":73}},{"start":{"line":27,"column":76},"end":{"line":27,"column":92}}],"line":27},"1":{"loc":{"start":{"line":27,"column":46},"end":{"line":27,"column":67}},"type":"binary-expr","locations":[{"start":{"line":27,"column":46},"end":{"line":27,"column":49}},{"start":{"line":27,"column":53},"end":{"line":27,"column":67}}],"line":27}},"s":{"0":1,"1":1,"2":1,"3":1,"4":1,"5":1,"6":1,"7":1,"8":1,"9":1,"10":1,"11":5,"12":1,"13":1,"14":1,"15":1,"16":1,"17":1},"f":{"0":5},"b":{"0":[4,1],"1":[5,5]},"_coverageSchema":"332fd63041d2c1bcb487cc26dd0d5f7d97098a6c","hash":"242d65573f043ccce04223bd6f51cdda15503f5f","contentHash":"3a58cb6f4391326b95f0cf67e2d870a0_11.0.3"},"/Users/andeladeveloper/Documents/projects/document-manager/server/routes/users.js":{"path":"/Users/andeladeveloper/Documents/projects/document-manager/server/routes/users.js","statementMap":{"0":{"start":{"line":3,"column":0},"end":{"line":5,"column":3}},"1":{"start":{"line":7,"column":15},"end":{"line":7,"column":33}},"2":{"start":{"line":9,"column":16},"end":{"line":9,"column":48}},"3":{"start":{"line":11,"column":13},"end":{"line":11,"column":44}},"4":{"start":{"line":13,"column":14},"end":{"line":13,"column":44}},"5":{"start":{"line":15,"column":12},"end":{"line":15,"column":42}},"6":{"start":{"line":17,"column":13},"end":{"line":17,"column":42}},"7":{"start":{"line":19,"column":39},"end":{"line":19,"column":93}},"8":{"start":{"line":21,"column":13},"end":{"line":21,"column":39}},"9":{"start":{"line":23,"column":0},"end":{"line":28,"column":34}},"10":{"start":{"line":30,"column":0},"end":{"line":32,"column":29}},"11":{"start":{"line":34,"column":0},"end":{"line":42,"column":64}},"12":{"start":{"line":44,"column":0},"end":{"line":46,"column":67}},"13":{"start":{"line":48,"column":0},"end":{"line":48,"column":25}}},"fnMap":{"0":{"name":"_interopRequireDefault","decl":{"start":{"line":19,"column":9},"end":{"line":19,"column":31}},"loc":{"start":{"line":19,"column":37},"end":{"line":19,"column":95}},"line":19}},"branchMap":{"0":{"loc":{"start":{"line":19,"column":46},"end":{"line":19,"column":92}},"type":"cond-expr","locations":[{"start":{"line":19,"column":70},"end":{"line":19,"column":73}},{"start":{"line":19,"column":76},"end":{"line":19,"column":92}}],"line":19},"1":{"loc":{"start":{"line":19,"column":46},"end":{"line":19,"column":67}},"type":"binary-expr","locations":[{"start":{"line":19,"column":46},"end":{"line":19,"column":49}},{"start":{"line":19,"column":53},"end":{"line":19,"column":67}}],"line":19}},"s":{"0":1,"1":1,"2":1,"3":1,"4":1,"5":1,"6":1,"7":3,"8":1,"9":1,"10":1,"11":1,"12":1,"13":1},"f":{"0":3},"b":{"0":[2,1],"1":[3,3]},"_coverageSchema":"332fd63041d2c1bcb487cc26dd0d5f7d97098a6c","hash":"a4c38addb0d124dbae4b2d5ea8e6e3d38cf94991","contentHash":"b6e317aa7a985adf5a98d45b1aa5fd24_11.0.3"},"/Users/andeladeveloper/Documents/projects/document-manager/server/controllers/users.js":{"path":"/Users/andeladeveloper/Documents/projects/document-manager/server/controllers/users.js","statementMap":{"0":{"start":{"line":3,"column":0},"end":{"line":5,"column":3}},"1":{"start":{"line":7,"column":14},"end":{"line":7,"column":31}},"2":{"start":{"line":9,"column":15},"end":{"line":9,"column":46}},"3":{"start":{"line":11,"column":20},"end":{"line":11,"column":43}},"4":{"start":{"line":13,"column":21},"end":{"line":13,"column":58}},"5":{"start":{"line":15,"column":14},"end":{"line":15,"column":42}},"6":{"start":{"line":17,"column":15},"end":{"line":17,"column":46}},"7":{"start":{"line":19,"column":14},"end":{"line":19,"column":34}},"8":{"start":{"line":21,"column":15},"end":{"line":21,"column":46}},"9":{"start":{"line":23,"column":39},"end":{"line":23,"column":93}},"10":{"start":{"line":25,"column":0},"end":{"line":25,"column":27}},"11":{"start":{"line":27,"column":16},"end":{"line":27,"column":38}},"12":{"start":{"line":28,"column":15},"end":{"line":28,"column":40}},"13":{"start":{"line":29,"column":11},"end":{"line":29,"column":32}},"14":{"start":{"line":30,"column":15},"end":{"line":30,"column":50}},"15":{"start":{"line":39,"column":14},"end":{"line":39,"column":29}},"16":{"start":{"line":40,"column":15},"end":{"line":40,"column":31}},"17":{"start":{"line":41,"column":2},"end":{"line":54,"column":5}},"18":{"start":{"line":45,"column":15},"end":{"line":45,"column":24}},"19":{"start":{"line":46,"column":16},"end":{"line":46,"column":26}},"20":{"start":{"line":48,"column":4},"end":{"line":51,"column":7}},"21":{"start":{"line":53,"column":4},"end":{"line":53,"column":39}},"22":{"start":{"line":64,"column":2},"end":{"line":64,"column":59}},"23":{"start":{"line":65,"column":2},"end":{"line":65,"column":59}},"24":{"start":{"line":66,"column":2},"end":{"line":66,"column":53}},"25":{"start":{"line":67,"column":2},"end":{"line":67,"column":59}},"26":{"start":{"line":68,"column":2},"end":{"line":68,"column":59}},"27":{"start":{"line":69,"column":2},"end":{"line":69,"column":85}},"28":{"start":{"line":70,"column":15},"end":{"line":70,"column":37}},"29":{"start":{"line":72,"column":2},"end":{"line":96,"column":3}},"30":{"start":{"line":73,"column":4},"end":{"line":73,"column":45}},"31":{"start":{"line":75,"column":4},"end":{"line":95,"column":7}},"32":{"start":{"line":78,"column":6},"end":{"line":94,"column":7}},"33":{"start":{"line":79,"column":8},"end":{"line":93,"column":11}},"34":{"start":{"line":86,"column":10},"end":{"line":90,"column":13}},"35":{"start":{"line":92,"column":10},"end":{"line":92,"column":38}},"36":{"start":{"line":106,"column":2},"end":{"line":106,"column":53}},"37":{"start":{"line":107,"column":2},"end":{"line":107,"column":59}},"38":{"start":{"line":108,"column":2},"end":{"line":108,"column":59}},"39":{"start":{"line":110,"column":15},"end":{"line":110,"column":37}},"40":{"start":{"line":112,"column":2},"end":{"line":148,"column":3}},"41":{"start":{"line":113,"column":4},"end":{"line":113,"column":45}},"42":{"start":{"line":115,"column":4},"end":{"line":147,"column":7}},"43":{"start":{"line":118,"column":25},"end":{"line":118,"column":32}},"44":{"start":{"line":119,"column":6},"end":{"line":144,"column":7}},"45":{"start":{"line":120,"column":8},"end":{"line":122,"column":63}},"46":{"start":{"line":123,"column":13},"end":{"line":144,"column":7}},"47":{"start":{"line":124,"column":8},"end":{"line":143,"column":9}},"48":{"start":{"line":125,"column":24},"end":{"line":130,"column":11}},"49":{"start":{"line":131,"column":22},"end":{"line":133,"column":12}},"50":{"start":{"line":134,"column":10},"end":{"line":137,"column":13}},"51":{"start":{"line":139,"column":10},"end":{"line":142,"column":13}},"52":{"start":{"line":146,"column":6},"end":{"line":146,"column":41}},"53":{"start":{"line":158,"column":18},"end":{"line":158,"column":39}},"54":{"start":{"line":159,"column":2},"end":{"line":163,"column":3}},"55":{"start":{"line":160,"column":4},"end":{"line":162,"column":7}},"56":{"start":{"line":164,"column":2},"end":{"line":168,"column":3}},"57":{"start":{"line":165,"column":4},"end":{"line":167,"column":7}},"58":{"start":{"line":169,"column":2},"end":{"line":181,"column":5}},"59":{"start":{"line":175,"column":4},"end":{"line":177,"column":5}},"60":{"start":{"line":176,"column":6},"end":{"line":176,"column":58}},"61":{"start":{"line":178,"column":4},"end":{"line":178,"column":31}},"62":{"start":{"line":180,"column":4},"end":{"line":180,"column":39}},"63":{"start":{"line":191,"column":2},"end":{"line":195,"column":3}},"64":{"start":{"line":192,"column":4},"end":{"line":194,"column":7}},"65":{"start":{"line":196,"column":15},"end":{"line":196,"column":36}},"66":{"start":{"line":197,"column":2},"end":{"line":225,"column":5}},"67":{"start":{"line":198,"column":4},"end":{"line":224,"column":7}},"68":{"start":{"line":199,"column":6},"end":{"line":223,"column":9}},"69":{"start":{"line":200,"column":8},"end":{"line":202,"column":9}},"70":{"start":{"line":201,"column":10},"end":{"line":201,"column":69}},"71":{"start":{"line":203,"column":8},"end":{"line":220,"column":11}},"72":{"start":{"line":210,"column":10},"end":{"line":217,"column":13}},"73":{"start":{"line":219,"column":10},"end":{"line":219,"column":45}},"74":{"start":{"line":222,"column":8},"end":{"line":222,"column":43}},"75":{"start":{"line":235,"column":2},"end":{"line":239,"column":3}},"76":{"start":{"line":236,"column":4},"end":{"line":238,"column":7}},"77":{"start":{"line":240,"column":2},"end":{"line":252,"column":5}},"78":{"start":{"line":241,"column":4},"end":{"line":243,"column":5}},"79":{"start":{"line":242,"column":6},"end":{"line":242,"column":65}},"80":{"start":{"line":244,"column":4},"end":{"line":249,"column":7}},"81":{"start":{"line":245,"column":6},"end":{"line":246,"column":57}},"82":{"start":{"line":248,"column":6},"end":{"line":248,"column":41}},"83":{"start":{"line":251,"column":4},"end":{"line":251,"column":39}},"84":{"start":{"line":263,"column":14},"end":{"line":263,"column":29}},"85":{"start":{"line":264,"column":15},"end":{"line":264,"column":31}},"86":{"start":{"line":265,"column":2},"end":{"line":290,"column":5}},"87":{"start":{"line":266,"column":4},"end":{"line":270,"column":5}},"88":{"start":{"line":267,"column":6},"end":{"line":269,"column":9}},"89":{"start":{"line":271,"column":4},"end":{"line":287,"column":7}},"90":{"start":{"line":278,"column":21},"end":{"line":278,"column":31}},"91":{"start":{"line":279,"column":18},"end":{"line":279,"column":29}},"92":{"start":{"line":281,"column":6},"end":{"line":284,"column":9}},"93":{"start":{"line":286,"column":6},"end":{"line":286,"column":41}},"94":{"start":{"line":289,"column":4},"end":{"line":289,"column":39}},"95":{"start":{"line":293,"column":0},"end":{"line":301,"column":2}}},"fnMap":{"0":{"name":"_interopRequireDefault","decl":{"start":{"line":23,"column":9},"end":{"line":23,"column":31}},"loc":{"start":{"line":23,"column":37},"end":{"line":23,"column":95}},"line":23},"1":{"name":"getUsers","decl":{"start":{"line":38,"column":9},"end":{"line":38,"column":17}},"loc":{"start":{"line":38,"column":28},"end":{"line":55,"column":1}},"line":38},"2":{"name":"(anonymous_2)","decl":{"start":{"line":44,"column":10},"end":{"line":44,"column":11}},"loc":{"start":{"line":44,"column":26},"end":{"line":52,"column":3}},"line":44},"3":{"name":"(anonymous_3)","decl":{"start":{"line":52,"column":11},"end":{"line":52,"column":12}},"loc":{"start":{"line":52,"column":28},"end":{"line":54,"column":3}},"line":52},"4":{"name":"createUser","decl":{"start":{"line":63,"column":9},"end":{"line":63,"column":19}},"loc":{"start":{"line":63,"column":30},"end":{"line":97,"column":1}},"line":63},"5":{"name":"(anonymous_5)","decl":{"start":{"line":77,"column":12},"end":{"line":77,"column":13}},"loc":{"start":{"line":77,"column":33},"end":{"line":95,"column":5}},"line":77},"6":{"name":"(anonymous_6)","decl":{"start":{"line":85,"column":16},"end":{"line":85,"column":17}},"loc":{"start":{"line":85,"column":39},"end":{"line":91,"column":9}},"line":85},"7":{"name":"(anonymous_7)","decl":{"start":{"line":91,"column":17},"end":{"line":91,"column":18}},"loc":{"start":{"line":91,"column":34},"end":{"line":93,"column":9}},"line":91},"8":{"name":"login","decl":{"start":{"line":105,"column":9},"end":{"line":105,"column":14}},"loc":{"start":{"line":105,"column":25},"end":{"line":149,"column":1}},"line":105},"9":{"name":"(anonymous_9)","decl":{"start":{"line":117,"column":12},"end":{"line":117,"column":13}},"loc":{"start":{"line":117,"column":28},"end":{"line":145,"column":5}},"line":117},"10":{"name":"(anonymous_10)","decl":{"start":{"line":145,"column":13},"end":{"line":145,"column":14}},"loc":{"start":{"line":145,"column":30},"end":{"line":147,"column":5}},"line":145},"11":{"name":"findUser","decl":{"start":{"line":157,"column":9},"end":{"line":157,"column":17}},"loc":{"start":{"line":157,"column":28},"end":{"line":182,"column":1}},"line":157},"12":{"name":"(anonymous_12)","decl":{"start":{"line":174,"column":10},"end":{"line":174,"column":11}},"loc":{"start":{"line":174,"column":26},"end":{"line":179,"column":3}},"line":174},"13":{"name":"(anonymous_13)","decl":{"start":{"line":179,"column":11},"end":{"line":179,"column":12}},"loc":{"start":{"line":179,"column":28},"end":{"line":181,"column":3}},"line":179},"14":{"name":"updateUser","decl":{"start":{"line":190,"column":9},"end":{"line":190,"column":19}},"loc":{"start":{"line":190,"column":30},"end":{"line":226,"column":1}},"line":190},"15":{"name":"(anonymous_15)","decl":{"start":{"line":197,"column":31},"end":{"line":197,"column":32}},"loc":{"start":{"line":197,"column":52},"end":{"line":225,"column":3}},"line":197},"16":{"name":"(anonymous_16)","decl":{"start":{"line":198,"column":51},"end":{"line":198,"column":52}},"loc":{"start":{"line":198,"column":72},"end":{"line":224,"column":5}},"line":198},"17":{"name":"(anonymous_17)","decl":{"start":{"line":199,"column":33},"end":{"line":199,"column":34}},"loc":{"start":{"line":199,"column":49},"end":{"line":221,"column":7}},"line":199},"18":{"name":"(anonymous_18)","decl":{"start":{"line":209,"column":16},"end":{"line":209,"column":17}},"loc":{"start":{"line":209,"column":39},"end":{"line":218,"column":9}},"line":209},"19":{"name":"(anonymous_19)","decl":{"start":{"line":218,"column":17},"end":{"line":218,"column":18}},"loc":{"start":{"line":218,"column":34},"end":{"line":220,"column":9}},"line":218},"20":{"name":"(anonymous_20)","decl":{"start":{"line":221,"column":15},"end":{"line":221,"column":16}},"loc":{"start":{"line":221,"column":32},"end":{"line":223,"column":7}},"line":221},"21":{"name":"deleteUser","decl":{"start":{"line":234,"column":9},"end":{"line":234,"column":19}},"loc":{"start":{"line":234,"column":30},"end":{"line":253,"column":1}},"line":234},"22":{"name":"(anonymous_22)","decl":{"start":{"line":240,"column":43},"end":{"line":240,"column":44}},"loc":{"start":{"line":240,"column":59},"end":{"line":250,"column":3}},"line":240},"23":{"name":"(anonymous_23)","decl":{"start":{"line":244,"column":31},"end":{"line":244,"column":32}},"loc":{"start":{"line":244,"column":43},"end":{"line":247,"column":5}},"line":244},"24":{"name":"(anonymous_24)","decl":{"start":{"line":247,"column":13},"end":{"line":247,"column":14}},"loc":{"start":{"line":247,"column":30},"end":{"line":249,"column":5}},"line":247},"25":{"name":"(anonymous_25)","decl":{"start":{"line":250,"column":11},"end":{"line":250,"column":12}},"loc":{"start":{"line":250,"column":28},"end":{"line":252,"column":3}},"line":250},"26":{"name":"getUserDocuments","decl":{"start":{"line":262,"column":9},"end":{"line":262,"column":25}},"loc":{"start":{"line":262,"column":36},"end":{"line":291,"column":1}},"line":262},"27":{"name":"(anonymous_27)","decl":{"start":{"line":265,"column":36},"end":{"line":265,"column":37}},"loc":{"start":{"line":265,"column":52},"end":{"line":288,"column":3}},"line":265},"28":{"name":"(anonymous_28)","decl":{"start":{"line":277,"column":12},"end":{"line":277,"column":13}},"loc":{"start":{"line":277,"column":29},"end":{"line":285,"column":5}},"line":277},"29":{"name":"(anonymous_29)","decl":{"start":{"line":285,"column":13},"end":{"line":285,"column":14}},"loc":{"start":{"line":285,"column":30},"end":{"line":287,"column":5}},"line":285},"30":{"name":"(anonymous_30)","decl":{"start":{"line":288,"column":11},"end":{"line":288,"column":12}},"loc":{"start":{"line":288,"column":28},"end":{"line":290,"column":3}},"line":288}},"branchMap":{"0":{"loc":{"start":{"line":23,"column":46},"end":{"line":23,"column":92}},"type":"cond-expr","locations":[{"start":{"line":23,"column":70},"end":{"line":23,"column":73}},{"start":{"line":23,"column":76},"end":{"line":23,"column":92}}],"line":23},"1":{"loc":{"start":{"line":23,"column":46},"end":{"line":23,"column":67}},"type":"binary-expr","locations":[{"start":{"line":23,"column":46},"end":{"line":23,"column":49}},{"start":{"line":23,"column":53},"end":{"line":23,"column":67}}],"line":23},"2":{"loc":{"start":{"line":72,"column":2},"end":{"line":96,"column":3}},"type":"if","locations":[{"start":{"line":72,"column":2},"end":{"line":96,"column":3}},{"start":{"line":72,"column":2},"end":{"line":96,"column":3}}],"line":72},"3":{"loc":{"start":{"line":78,"column":6},"end":{"line":94,"column":7}},"type":"if","locations":[{"start":{"line":78,"column":6},"end":{"line":94,"column":7}},{"start":{"line":78,"column":6},"end":{"line":94,"column":7}}],"line":78},"4":{"loc":{"start":{"line":84,"column":18},"end":{"line":84,"column":38}},"type":"binary-expr","locations":[{"start":{"line":84,"column":18},"end":{"line":84,"column":33}},{"start":{"line":84,"column":37},"end":{"line":84,"column":38}}],"line":84},"5":{"loc":{"start":{"line":112,"column":2},"end":{"line":148,"column":3}},"type":"if","locations":[{"start":{"line":112,"column":2},"end":{"line":148,"column":3}},{"start":{"line":112,"column":2},"end":{"line":148,"column":3}}],"line":112},"6":{"loc":{"start":{"line":119,"column":6},"end":{"line":144,"column":7}},"type":"if","locations":[{"start":{"line":119,"column":6},"end":{"line":144,"column":7}},{"start":{"line":119,"column":6},"end":{"line":144,"column":7}}],"line":119},"7":{"loc":{"start":{"line":123,"column":13},"end":{"line":144,"column":7}},"type":"if","locations":[{"start":{"line":123,"column":13},"end":{"line":144,"column":7}},{"start":{"line":123,"column":13},"end":{"line":144,"column":7}}],"line":123},"8":{"loc":{"start":{"line":124,"column":8},"end":{"line":143,"column":9}},"type":"if","locations":[{"start":{"line":124,"column":8},"end":{"line":143,"column":9}},{"start":{"line":124,"column":8},"end":{"line":143,"column":9}}],"line":124},"9":{"loc":{"start":{"line":159,"column":2},"end":{"line":163,"column":3}},"type":"if","locations":[{"start":{"line":159,"column":2},"end":{"line":163,"column":3}},{"start":{"line":159,"column":2},"end":{"line":163,"column":3}}],"line":159},"10":{"loc":{"start":{"line":159,"column":6},"end":{"line":159,"column":62}},"type":"binary-expr","locations":[{"start":{"line":159,"column":6},"end":{"line":159,"column":34}},{"start":{"line":159,"column":38},"end":{"line":159,"column":62}}],"line":159},"11":{"loc":{"start":{"line":164,"column":2},"end":{"line":168,"column":3}},"type":"if","locations":[{"start":{"line":164,"column":2},"end":{"line":168,"column":3}},{"start":{"line":164,"column":2},"end":{"line":168,"column":3}}],"line":164},"12":{"loc":{"start":{"line":175,"column":4},"end":{"line":177,"column":5}},"type":"if","locations":[{"start":{"line":175,"column":4},"end":{"line":177,"column":5}},{"start":{"line":175,"column":4},"end":{"line":177,"column":5}}],"line":175},"13":{"loc":{"start":{"line":191,"column":2},"end":{"line":195,"column":3}},"type":"if","locations":[{"start":{"line":191,"column":2},"end":{"line":195,"column":3}},{"start":{"line":191,"column":2},"end":{"line":195,"column":3}}],"line":191},"14":{"loc":{"start":{"line":200,"column":8},"end":{"line":202,"column":9}},"type":"if","locations":[{"start":{"line":200,"column":8},"end":{"line":202,"column":9}},{"start":{"line":200,"column":8},"end":{"line":202,"column":9}}],"line":200},"15":{"loc":{"start":{"line":204,"column":20},"end":{"line":204,"column":54}},"type":"binary-expr","locations":[{"start":{"line":204,"column":20},"end":{"line":204,"column":37}},{"start":{"line":204,"column":41},"end":{"line":204,"column":54}}],"line":204},"16":{"loc":{"start":{"line":205,"column":20},"end":{"line":205,"column":54}},"type":"binary-expr","locations":[{"start":{"line":205,"column":20},"end":{"line":205,"column":37}},{"start":{"line":205,"column":41},"end":{"line":205,"column":54}}],"line":205},"17":{"loc":{"start":{"line":206,"column":17},"end":{"line":206,"column":45}},"type":"binary-expr","locations":[{"start":{"line":206,"column":17},"end":{"line":206,"column":31}},{"start":{"line":206,"column":35},"end":{"line":206,"column":45}}],"line":206},"18":{"loc":{"start":{"line":207,"column":20},"end":{"line":207,"column":41}},"type":"binary-expr","locations":[{"start":{"line":207,"column":20},"end":{"line":207,"column":24}},{"start":{"line":207,"column":28},"end":{"line":207,"column":41}}],"line":207},"19":{"loc":{"start":{"line":208,"column":18},"end":{"line":208,"column":48}},"type":"binary-expr","locations":[{"start":{"line":208,"column":18},"end":{"line":208,"column":33}},{"start":{"line":208,"column":37},"end":{"line":208,"column":48}}],"line":208},"20":{"loc":{"start":{"line":235,"column":2},"end":{"line":239,"column":3}},"type":"if","locations":[{"start":{"line":235,"column":2},"end":{"line":239,"column":3}},{"start":{"line":235,"column":2},"end":{"line":239,"column":3}}],"line":235},"21":{"loc":{"start":{"line":241,"column":4},"end":{"line":243,"column":5}},"type":"if","locations":[{"start":{"line":241,"column":4},"end":{"line":243,"column":5}},{"start":{"line":241,"column":4},"end":{"line":243,"column":5}}],"line":241},"22":{"loc":{"start":{"line":266,"column":4},"end":{"line":270,"column":5}},"type":"if","locations":[{"start":{"line":266,"column":4},"end":{"line":270,"column":5}},{"start":{"line":266,"column":4},"end":{"line":270,"column":5}}],"line":266}},"s":{"0":1,"1":1,"2":1,"3":1,"4":1,"5":1,"6":1,"7":1,"8":1,"9":4,"10":1,"11":1,"12":1,"13":1,"14":1,"15":2,"16":2,"17":2,"18":2,"19":2,"20":2,"21":0,"22":1,"23":1,"24":1,"25":1,"26":1,"27":1,"28":1,"29":1,"30":0,"31":1,"32":1,"33":1,"34":1,"35":0,"36":15,"37":15,"38":15,"39":15,"40":15,"41":0,"42":15,"43":15,"44":15,"45":1,"46":14,"47":14,"48":13,"49":13,"50":13,"51":1,"52":0,"53":5,"54":5,"55":0,"56":5,"57":1,"58":4,"59":3,"60":1,"61":3,"62":1,"63":5,"64":2,"65":3,"66":3,"67":3,"68":3,"69":3,"70":0,"71":3,"72":3,"73":0,"74":0,"75":3,"76":1,"77":2,"78":2,"79":1,"80":1,"81":1,"82":0,"83":0,"84":2,"85":2,"86":2,"87":2,"88":1,"89":1,"90":1,"91":1,"92":1,"93":0,"94":0,"95":1},"f":{"0":4,"1":2,"2":2,"3":0,"4":1,"5":1,"6":1,"7":0,"8":15,"9":15,"10":0,"11":5,"12":3,"13":1,"14":5,"15":3,"16":3,"17":3,"18":3,"19":0,"20":0,"21":3,"22":2,"23":1,"24":0,"25":0,"26":2,"27":2,"28":1,"29":0,"30":0},"b":{"0":[0,4],"1":[4,4],"2":[0,1],"3":[1,0],"4":[1,0],"5":[0,15],"6":[1,14],"7":[14,0],"8":[13,1],"9":[0,5],"10":[5,4],"11":[1,4],"12":[1,2],"13":[2,3],"14":[0,3],"15":[3,2],"16":[3,2],"17":[3,2],"18":[3,3],"19":[3,3],"20":[1,2],"21":[1,1],"22":[1,1]},"_coverageSchema":"332fd63041d2c1bcb487cc26dd0d5f7d97098a6c","hash":"a873f3a1e83910dd4a7534a9fab6445e85d48e8a","contentHash":"8f158652d1e645800e331a339c32bd94_11.0.3"},"/Users/andeladeveloper/Documents/projects/document-manager/server/helpers/helper.js":{"path":"/Users/andeladeveloper/Documents/projects/document-manager/server/helpers/helper.js","statementMap":{"0":{"start":{"line":3,"column":25},"end":{"line":10,"column":1}},"1":{"start":{"line":4,"column":2},"end":{"line":9,"column":4}},"2":{"start":{"line":12,"column":0},"end":{"line":12,"column":55}}},"fnMap":{"0":{"name":"paginationMetaData","decl":{"start":{"line":3,"column":34},"end":{"line":3,"column":52}},"loc":{"start":{"line":3,"column":75},"end":{"line":10,"column":1}},"line":3}},"branchMap":{},"s":{"0":1,"1":6,"2":1},"f":{"0":6},"b":{},"_coverageSchema":"332fd63041d2c1bcb487cc26dd0d5f7d97098a6c","hash":"4465f4d163a5ad4fee78e39a1eef0f59ca60bcc2","contentHash":"65216cd25fbea3beb9fe0dfec073fc7e_11.0.3"},"/Users/andeladeveloper/Documents/projects/document-manager/server/models/index.js":{"path":"/Users/andeladeveloper/Documents/projects/document-manager/server/models/index.js","statementMap":{"0":{"start":{"line":3,"column":9},"end":{"line":3,"column":22}},"1":{"start":{"line":4,"column":11},"end":{"line":4,"column":26}},"2":{"start":{"line":5,"column":16},"end":{"line":5,"column":36}},"3":{"start":{"line":7,"column":15},"end":{"line":7,"column":45}},"4":{"start":{"line":8,"column":10},"end":{"line":8,"column":47}},"5":{"start":{"line":9,"column":13},"end":{"line":9,"column":48}},"6":{"start":{"line":11,"column":9},"end":{"line":11,"column":11}},"7":{"start":{"line":13,"column":16},"end":{"line":13,"column":22}},"8":{"start":{"line":14,"column":0},"end":{"line":18,"column":1}},"9":{"start":{"line":15,"column":2},"end":{"line":15,"column":66}},"10":{"start":{"line":17,"column":2},"end":{"line":17,"column":87}},"11":{"start":{"line":20,"column":0},"end":{"line":25,"column":3}},"12":{"start":{"line":21,"column":2},"end":{"line":21,"column":82}},"13":{"start":{"line":23,"column":14},"end":{"line":23,"column":58}},"14":{"start":{"line":24,"column":2},"end":{"line":24,"column":25}},"15":{"start":{"line":27,"column":0},"end":{"line":31,"column":3}},"16":{"start":{"line":28,"column":2},"end":{"line":30,"column":3}},"17":{"start":{"line":29,"column":4},"end":{"line":29,"column":32}},"18":{"start":{"line":33,"column":0},"end":{"line":33,"column":25}},"19":{"start":{"line":34,"column":0},"end":{"line":34,"column":25}},"20":{"start":{"line":36,"column":0},"end":{"line":36,"column":20}},"21":{"start":{"line":38,"column":0},"end":{"line":38,"column":25}},"22":{"start":{"line":39,"column":0},"end":{"line":39,"column":25}},"23":{"start":{"line":41,"column":0},"end":{"line":41,"column":20}}},"fnMap":{"0":{"name":"(anonymous_0)","decl":{"start":{"line":20,"column":33},"end":{"line":20,"column":34}},"loc":{"start":{"line":20,"column":49},"end":{"line":22,"column":1}},"line":20},"1":{"name":"(anonymous_1)","decl":{"start":{"line":22,"column":11},"end":{"line":22,"column":12}},"loc":{"start":{"line":22,"column":27},"end":{"line":25,"column":1}},"line":22},"2":{"name":"(anonymous_2)","decl":{"start":{"line":27,"column":24},"end":{"line":27,"column":25}},"loc":{"start":{"line":27,"column":45},"end":{"line":31,"column":1}},"line":27}},"branchMap":{"0":{"loc":{"start":{"line":8,"column":10},"end":{"line":8,"column":47}},"type":"binary-expr","locations":[{"start":{"line":8,"column":10},"end":{"line":8,"column":30}},{"start":{"line":8,"column":34},"end":{"line":8,"column":47}}],"line":8},"1":{"loc":{"start":{"line":14,"column":0},"end":{"line":18,"column":1}},"type":"if","locations":[{"start":{"line":14,"column":0},"end":{"line":18,"column":1}},{"start":{"line":14,"column":0},"end":{"line":18,"column":1}}],"line":14},"2":{"loc":{"start":{"line":21,"column":9},"end":{"line":21,"column":81}},"type":"binary-expr","locations":[{"start":{"line":21,"column":9},"end":{"line":21,"column":32}},{"start":{"line":21,"column":36},"end":{"line":21,"column":53}},{"start":{"line":21,"column":57},"end":{"line":21,"column":81}}],"line":21},"3":{"loc":{"start":{"line":28,"column":2},"end":{"line":30,"column":3}},"type":"if","locations":[{"start":{"line":28,"column":2},"end":{"line":30,"column":3}},{"start":{"line":28,"column":2},"end":{"line":30,"column":3}}],"line":28}},"s":{"0":1,"1":1,"2":1,"3":1,"4":1,"5":1,"6":1,"7":1,"8":1,"9":0,"10":1,"11":1,"12":4,"13":3,"14":3,"15":1,"16":3,"17":3,"18":1,"19":1,"20":1,"21":1,"22":1,"23":1},"f":{"0":4,"1":3,"2":3},"b":{"0":[1,0],"1":[0,1],"2":[4,4,3],"3":[3,0]},"_coverageSchema":"332fd63041d2c1bcb487cc26dd0d5f7d97098a6c","hash":"873e872266ec01d9da7d7ec0d8cff9eeebab65b3","contentHash":"147d2f5ce718f5d34ee69e59b4b18b17_11.0.3"},"/Users/andeladeveloper/Documents/projects/document-manager/server/config/config.js":{"path":"/Users/andeladeveloper/Documents/projects/document-manager/server/config/config.js","statementMap":{"0":{"start":{"line":3,"column":0},"end":{"line":27,"column":2}}},"fnMap":{},"branchMap":{},"s":{"0":1},"f":{},"b":{},"_coverageSchema":"332fd63041d2c1bcb487cc26dd0d5f7d97098a6c","hash":"a1ab92e502a6f44216fbf97c5e3b416d2cdd1c15","contentHash":"bfdbdb10808231c6b80faf6c05504184_11.0.3"},"/Users/andeladeveloper/Documents/projects/document-manager/server/models/document.js":{"path":"/Users/andeladeveloper/Documents/projects/document-manager/server/models/document.js","statementMap":{"0":{"start":{"line":3,"column":0},"end":{"line":30,"column":2}},"1":{"start":{"line":4,"column":17},"end":{"line":22,"column":4}},"2":{"start":{"line":23,"column":2},"end":{"line":28,"column":4}},"3":{"start":{"line":25,"column":4},"end":{"line":27,"column":7}},"4":{"start":{"line":29,"column":2},"end":{"line":29,"column":18}}},"fnMap":{"0":{"name":"(anonymous_0)","decl":{"start":{"line":3,"column":17},"end":{"line":3,"column":18}},"loc":{"start":{"line":3,"column":49},"end":{"line":30,"column":1}},"line":3},"1":{"name":"(anonymous_1)","decl":{"start":{"line":23,"column":23},"end":{"line":23,"column":24}},"loc":{"start":{"line":23,"column":41},"end":{"line":28,"column":3}},"line":23}},"branchMap":{},"s":{"0":1,"1":1,"2":1,"3":1,"4":1},"f":{"0":1,"1":1},"b":{},"_coverageSchema":"332fd63041d2c1bcb487cc26dd0d5f7d97098a6c","hash":"40f538af399cb910f51ef1c6e4b9fa7626ac8040","contentHash":"ebe8d40228054cd49ad96bbdc1301e25_11.0.3"},"/Users/andeladeveloper/Documents/projects/document-manager/server/models/role.js":{"path":"/Users/andeladeveloper/Documents/projects/document-manager/server/models/role.js","statementMap":{"0":{"start":{"line":3,"column":0},"end":{"line":18,"column":2}},"1":{"start":{"line":4,"column":13},"end":{"line":10,"column":4}},"2":{"start":{"line":11,"column":2},"end":{"line":16,"column":4}},"3":{"start":{"line":13,"column":4},"end":{"line":15,"column":7}},"4":{"start":{"line":17,"column":2},"end":{"line":17,"column":14}}},"fnMap":{"0":{"name":"(anonymous_0)","decl":{"start":{"line":3,"column":17},"end":{"line":3,"column":18}},"loc":{"start":{"line":3,"column":49},"end":{"line":18,"column":1}},"line":3},"1":{"name":"(anonymous_1)","decl":{"start":{"line":11,"column":19},"end":{"line":11,"column":20}},"loc":{"start":{"line":11,"column":37},"end":{"line":16,"column":3}},"line":11}},"branchMap":{},"s":{"0":1,"1":1,"2":1,"3":1,"4":1},"f":{"0":1,"1":1},"b":{},"_coverageSchema":"332fd63041d2c1bcb487cc26dd0d5f7d97098a6c","hash":"1aba90d94e80bdb0379ea9ddd4c53cf22a593f71","contentHash":"b22cffd605cf93f69a3f2719a0d065e3_11.0.3"},"/Users/andeladeveloper/Documents/projects/document-manager/server/models/user.js":{"path":"/Users/andeladeveloper/Documents/projects/document-manager/server/models/user.js","statementMap":{"0":{"start":{"line":3,"column":0},"end":{"line":42,"column":2}},"1":{"start":{"line":4,"column":13},"end":{"line":28,"column":4}},"2":{"start":{"line":29,"column":2},"end":{"line":40,"column":4}},"3":{"start":{"line":31,"column":4},"end":{"line":35,"column":7}},"4":{"start":{"line":36,"column":4},"end":{"line":39,"column":7}},"5":{"start":{"line":41,"column":2},"end":{"line":41,"column":14}}},"fnMap":{"0":{"name":"(anonymous_0)","decl":{"start":{"line":3,"column":17},"end":{"line":3,"column":18}},"loc":{"start":{"line":3,"column":49},"end":{"line":42,"column":1}},"line":3},"1":{"name":"(anonymous_1)","decl":{"start":{"line":29,"column":19},"end":{"line":29,"column":20}},"loc":{"start":{"line":29,"column":37},"end":{"line":40,"column":3}},"line":29}},"branchMap":{},"s":{"0":1,"1":1,"2":1,"3":1,"4":1,"5":1},"f":{"0":1,"1":1},"b":{},"_coverageSchema":"332fd63041d2c1bcb487cc26dd0d5f7d97098a6c","hash":"1296338becccf35da8d16bf6f6a410038393a663","contentHash":"e3e5a8798513104b93e617b86fce0484_11.0.3"},"/Users/andeladeveloper/Documents/projects/document-manager/server/middlewares/auth.js":{"path":"/Users/andeladeveloper/Documents/projects/document-manager/server/middlewares/auth.js","statementMap":{"0":{"start":{"line":3,"column":0},"end":{"line":5,"column":3}},"1":{"start":{"line":7,"column":20},"end":{"line":7,"column":43}},"2":{"start":{"line":9,"column":21},"end":{"line":9,"column":58}},"3":{"start":{"line":11,"column":39},"end":{"line":11,"column":93}},"4":{"start":{"line":13,"column":16},"end":{"line":13,"column":38}},"5":{"start":{"line":16,"column":14},"end":{"line":16,"column":72}},"6":{"start":{"line":17,"column":2},"end":{"line":31,"column":3}},"7":{"start":{"line":18,"column":4},"end":{"line":25,"column":7}},"8":{"start":{"line":19,"column":6},"end":{"line":24,"column":7}},"9":{"start":{"line":20,"column":8},"end":{"line":20,"column":79}},"10":{"start":{"line":22,"column":8},"end":{"line":22,"column":30}},"11":{"start":{"line":23,"column":8},"end":{"line":23,"column":15}},"12":{"start":{"line":27,"column":4},"end":{"line":30,"column":7}},"13":{"start":{"line":35,"column":2},"end":{"line":41,"column":3}},"14":{"start":{"line":36,"column":4},"end":{"line":36,"column":11}},"15":{"start":{"line":38,"column":4},"end":{"line":40,"column":7}},"16":{"start":{"line":44,"column":0},"end":{"line":44,"column":73}}},"fnMap":{"0":{"name":"_interopRequireDefault","decl":{"start":{"line":11,"column":9},"end":{"line":11,"column":31}},"loc":{"start":{"line":11,"column":37},"end":{"line":11,"column":95}},"line":11},"1":{"name":"verifyToken","decl":{"start":{"line":15,"column":9},"end":{"line":15,"column":20}},"loc":{"start":{"line":15,"column":37},"end":{"line":32,"column":1}},"line":15},"2":{"name":"(anonymous_2)","decl":{"start":{"line":18,"column":52},"end":{"line":18,"column":53}},"loc":{"start":{"line":18,"column":76},"end":{"line":25,"column":5}},"line":18},"3":{"name":"adminAccess","decl":{"start":{"line":34,"column":9},"end":{"line":34,"column":20}},"loc":{"start":{"line":34,"column":37},"end":{"line":42,"column":1}},"line":34}},"branchMap":{"0":{"loc":{"start":{"line":11,"column":46},"end":{"line":11,"column":92}},"type":"cond-expr","locations":[{"start":{"line":11,"column":70},"end":{"line":11,"column":73}},{"start":{"line":11,"column":76},"end":{"line":11,"column":92}}],"line":11},"1":{"loc":{"start":{"line":11,"column":46},"end":{"line":11,"column":67}},"type":"binary-expr","locations":[{"start":{"line":11,"column":46},"end":{"line":11,"column":49}},{"start":{"line":11,"column":53},"end":{"line":11,"column":67}}],"line":11},"2":{"loc":{"start":{"line":16,"column":14},"end":{"line":16,"column":72}},"type":"binary-expr","locations":[{"start":{"line":16,"column":14},"end":{"line":16,"column":39}},{"start":{"line":16,"column":43},"end":{"line":16,"column":72}}],"line":16},"3":{"loc":{"start":{"line":17,"column":2},"end":{"line":31,"column":3}},"type":"if","locations":[{"start":{"line":17,"column":2},"end":{"line":31,"column":3}},{"start":{"line":17,"column":2},"end":{"line":31,"column":3}}],"line":17},"4":{"loc":{"start":{"line":19,"column":6},"end":{"line":24,"column":7}},"type":"if","locations":[{"start":{"line":19,"column":6},"end":{"line":24,"column":7}},{"start":{"line":19,"column":6},"end":{"line":24,"column":7}}],"line":19},"5":{"loc":{"start":{"line":35,"column":2},"end":{"line":41,"column":3}},"type":"if","locations":[{"start":{"line":35,"column":2},"end":{"line":41,"column":3}},{"start":{"line":35,"column":2},"end":{"line":41,"column":3}}],"line":35}},"s":{"0":1,"1":1,"2":1,"3":1,"4":1,"5":60,"6":60,"7":56,"8":56,"9":0,"10":56,"11":56,"12":4,"13":21,"14":15,"15":6,"16":1},"f":{"0":1,"1":60,"2":56,"3":21},"b":{"0":[0,1],"1":[1,1],"2":[60,4],"3":[56,4],"4":[0,56],"5":[15,6]},"_coverageSchema":"332fd63041d2c1bcb487cc26dd0d5f7d97098a6c","hash":"ecc14d1e97432b8e57f39e5c505683a335fe6c8b","contentHash":"319c6e9c3dd86dee4e26cb1f933899cc_11.0.3"},"/Users/andeladeveloper/Documents/projects/document-manager/server/routes/search.js":{"path":"/Users/andeladeveloper/Documents/projects/document-manager/server/routes/search.js","statementMap":{"0":{"start":{"line":3,"column":0},"end":{"line":5,"column":3}},"1":{"start":{"line":7,"column":15},"end":{"line":7,"column":33}},"2":{"start":{"line":9,"column":16},"end":{"line":9,"column":48}},"3":{"start":{"line":11,"column":14},"end":{"line":11,"column":46}},"4":{"start":{"line":13,"column":15},"end":{"line":13,"column":46}},"5":{"start":{"line":15,"column":12},"end":{"line":15,"column":42}},"6":{"start":{"line":17,"column":13},"end":{"line":17,"column":42}},"7":{"start":{"line":19,"column":39},"end":{"line":19,"column":93}},"8":{"start":{"line":21,"column":13},"end":{"line":21,"column":39}},"9":{"start":{"line":23,"column":0},"end":{"line":25,"column":90}},"10":{"start":{"line":27,"column":0},"end":{"line":29,"column":95}},"11":{"start":{"line":31,"column":0},"end":{"line":31,"column":25}}},"fnMap":{"0":{"name":"_interopRequireDefault","decl":{"start":{"line":19,"column":9},"end":{"line":19,"column":31}},"loc":{"start":{"line":19,"column":37},"end":{"line":19,"column":95}},"line":19}},"branchMap":{"0":{"loc":{"start":{"line":19,"column":46},"end":{"line":19,"column":92}},"type":"cond-expr","locations":[{"start":{"line":19,"column":70},"end":{"line":19,"column":73}},{"start":{"line":19,"column":76},"end":{"line":19,"column":92}}],"line":19},"1":{"loc":{"start":{"line":19,"column":46},"end":{"line":19,"column":67}},"type":"binary-expr","locations":[{"start":{"line":19,"column":46},"end":{"line":19,"column":49}},{"start":{"line":19,"column":53},"end":{"line":19,"column":67}}],"line":19}},"s":{"0":1,"1":1,"2":1,"3":1,"4":1,"5":1,"6":1,"7":3,"8":1,"9":1,"10":1,"11":1},"f":{"0":3},"b":{"0":[2,1],"1":[3,3]},"_coverageSchema":"332fd63041d2c1bcb487cc26dd0d5f7d97098a6c","hash":"68b3619793c37e6d78583f4e6d35dc746e22808b","contentHash":"1708591ee5a07428c3cfae7deaa863aa_11.0.3"},"/Users/andeladeveloper/Documents/projects/document-manager/server/controllers/search.js":{"path":"/Users/andeladeveloper/Documents/projects/document-manager/server/controllers/search.js","statementMap":{"0":{"start":{"line":3,"column":0},"end":{"line":5,"column":3}},"1":{"start":{"line":7,"column":14},"end":{"line":7,"column":42}},"2":{"start":{"line":9,"column":15},"end":{"line":9,"column":46}},"3":{"start":{"line":11,"column":14},"end":{"line":11,"column":34}},"4":{"start":{"line":13,"column":15},"end":{"line":13,"column":46}},"5":{"start":{"line":15,"column":39},"end":{"line":15,"column":93}},"6":{"start":{"line":17,"column":15},"end":{"line":17,"column":40}},"7":{"start":{"line":18,"column":11},"end":{"line":18,"column":32}},"8":{"start":{"line":19,"column":15},"end":{"line":19,"column":50}},"9":{"start":{"line":28,"column":20},"end":{"line":28,"column":31}},"10":{"start":{"line":29,"column":14},"end":{"line":29,"column":29}},"11":{"start":{"line":30,"column":15},"end":{"line":30,"column":31}},"12":{"start":{"line":31,"column":2},"end":{"line":35,"column":3}},"13":{"start":{"line":32,"column":4},"end":{"line":34,"column":7}},"14":{"start":{"line":36,"column":2},"end":{"line":58,"column":5}},"15":{"start":{"line":46,"column":15},"end":{"line":46,"column":24}},"16":{"start":{"line":47,"column":16},"end":{"line":47,"column":26}},"17":{"start":{"line":49,"column":4},"end":{"line":51,"column":5}},"18":{"start":{"line":50,"column":6},"end":{"line":50,"column":65}},"19":{"start":{"line":52,"column":4},"end":{"line":55,"column":7}},"20":{"start":{"line":57,"column":4},"end":{"line":57,"column":39}},"21":{"start":{"line":69,"column":14},"end":{"line":69,"column":29}},"22":{"start":{"line":70,"column":15},"end":{"line":70,"column":31}},"23":{"start":{"line":71,"column":20},"end":{"line":71,"column":31}},"24":{"start":{"line":72,"column":2},"end":{"line":76,"column":3}},"25":{"start":{"line":73,"column":4},"end":{"line":75,"column":7}},"26":{"start":{"line":77,"column":2},"end":{"line":141,"column":3}},"27":{"start":{"line":78,"column":4},"end":{"line":106,"column":7}},"28":{"start":{"line":94,"column":21},"end":{"line":94,"column":31}},"29":{"start":{"line":95,"column":18},"end":{"line":95,"column":29}},"30":{"start":{"line":97,"column":6},"end":{"line":99,"column":7}},"31":{"start":{"line":98,"column":8},"end":{"line":98,"column":64}},"32":{"start":{"line":100,"column":6},"end":{"line":103,"column":9}},"33":{"start":{"line":105,"column":6},"end":{"line":105,"column":41}},"34":{"start":{"line":107,"column":9},"end":{"line":141,"column":3}},"35":{"start":{"line":108,"column":4},"end":{"line":140,"column":7}},"36":{"start":{"line":128,"column":21},"end":{"line":128,"column":31}},"37":{"start":{"line":129,"column":18},"end":{"line":129,"column":29}},"38":{"start":{"line":131,"column":6},"end":{"line":133,"column":7}},"39":{"start":{"line":132,"column":8},"end":{"line":132,"column":64}},"40":{"start":{"line":134,"column":6},"end":{"line":137,"column":9}},"41":{"start":{"line":139,"column":6},"end":{"line":139,"column":41}},"42":{"start":{"line":144,"column":0},"end":{"line":144,"column":79}}},"fnMap":{"0":{"name":"_interopRequireDefault","decl":{"start":{"line":15,"column":9},"end":{"line":15,"column":31}},"loc":{"start":{"line":15,"column":37},"end":{"line":15,"column":95}},"line":15},"1":{"name":"searchUser","decl":{"start":{"line":27,"column":9},"end":{"line":27,"column":19}},"loc":{"start":{"line":27,"column":30},"end":{"line":59,"column":1}},"line":27},"2":{"name":"(anonymous_2)","decl":{"start":{"line":45,"column":10},"end":{"line":45,"column":11}},"loc":{"start":{"line":45,"column":26},"end":{"line":56,"column":3}},"line":45},"3":{"name":"(anonymous_3)","decl":{"start":{"line":56,"column":11},"end":{"line":56,"column":12}},"loc":{"start":{"line":56,"column":28},"end":{"line":58,"column":3}},"line":56},"4":{"name":"searchDocuments","decl":{"start":{"line":68,"column":9},"end":{"line":68,"column":24}},"loc":{"start":{"line":68,"column":35},"end":{"line":142,"column":1}},"line":68},"5":{"name":"(anonymous_5)","decl":{"start":{"line":93,"column":12},"end":{"line":93,"column":13}},"loc":{"start":{"line":93,"column":29},"end":{"line":104,"column":5}},"line":93},"6":{"name":"(anonymous_6)","decl":{"start":{"line":104,"column":13},"end":{"line":104,"column":14}},"loc":{"start":{"line":104,"column":30},"end":{"line":106,"column":5}},"line":104},"7":{"name":"(anonymous_7)","decl":{"start":{"line":127,"column":12},"end":{"line":127,"column":13}},"loc":{"start":{"line":127,"column":29},"end":{"line":138,"column":5}},"line":127},"8":{"name":"(anonymous_8)","decl":{"start":{"line":138,"column":13},"end":{"line":138,"column":14}},"loc":{"start":{"line":138,"column":30},"end":{"line":140,"column":5}},"line":138}},"branchMap":{"0":{"loc":{"start":{"line":15,"column":46},"end":{"line":15,"column":92}},"type":"cond-expr","locations":[{"start":{"line":15,"column":70},"end":{"line":15,"column":73}},{"start":{"line":15,"column":76},"end":{"line":15,"column":92}}],"line":15},"1":{"loc":{"start":{"line":15,"column":46},"end":{"line":15,"column":67}},"type":"binary-expr","locations":[{"start":{"line":15,"column":46},"end":{"line":15,"column":49}},{"start":{"line":15,"column":53},"end":{"line":15,"column":67}}],"line":15},"2":{"loc":{"start":{"line":31,"column":2},"end":{"line":35,"column":3}},"type":"if","locations":[{"start":{"line":31,"column":2},"end":{"line":35,"column":3}},{"start":{"line":31,"column":2},"end":{"line":35,"column":3}}],"line":31},"3":{"loc":{"start":{"line":49,"column":4},"end":{"line":51,"column":5}},"type":"if","locations":[{"start":{"line":49,"column":4},"end":{"line":51,"column":5}},{"start":{"line":49,"column":4},"end":{"line":51,"column":5}}],"line":49},"4":{"loc":{"start":{"line":72,"column":2},"end":{"line":76,"column":3}},"type":"if","locations":[{"start":{"line":72,"column":2},"end":{"line":76,"column":3}},{"start":{"line":72,"column":2},"end":{"line":76,"column":3}}],"line":72},"5":{"loc":{"start":{"line":77,"column":2},"end":{"line":141,"column":3}},"type":"if","locations":[{"start":{"line":77,"column":2},"end":{"line":141,"column":3}},{"start":{"line":77,"column":2},"end":{"line":141,"column":3}}],"line":77},"6":{"loc":{"start":{"line":97,"column":6},"end":{"line":99,"column":7}},"type":"if","locations":[{"start":{"line":97,"column":6},"end":{"line":99,"column":7}},{"start":{"line":97,"column":6},"end":{"line":99,"column":7}}],"line":97},"7":{"loc":{"start":{"line":107,"column":9},"end":{"line":141,"column":3}},"type":"if","locations":[{"start":{"line":107,"column":9},"end":{"line":141,"column":3}},{"start":{"line":107,"column":9},"end":{"line":141,"column":3}}],"line":107},"8":{"loc":{"start":{"line":131,"column":6},"end":{"line":133,"column":7}},"type":"if","locations":[{"start":{"line":131,"column":6},"end":{"line":133,"column":7}},{"start":{"line":131,"column":6},"end":{"line":133,"column":7}}],"line":131}},"s":{"0":1,"1":1,"2":1,"3":1,"4":1,"5":2,"6":1,"7":1,"8":1,"9":0,"10":0,"11":0,"12":0,"13":0,"14":0,"15":0,"16":0,"17":0,"18":0,"19":0,"20":0,"21":0,"22":0,"23":0,"24":0,"25":0,"26":0,"27":0,"28":0,"29":0,"30":0,"31":0,"32":0,"33":0,"34":0,"35":0,"36":0,"37":0,"38":0,"39":0,"40":0,"41":0,"42":1},"f":{"0":2,"1":0,"2":0,"3":0,"4":0,"5":0,"6":0,"7":0,"8":0},"b":{"0":[0,2],"1":[2,2],"2":[0,0],"3":[0,0],"4":[0,0],"5":[0,0],"6":[0,0],"7":[0,0],"8":[0,0]},"_coverageSchema":"332fd63041d2c1bcb487cc26dd0d5f7d97098a6c","hash":"6efc7327907302db1883f00d2862afff115a5da3","contentHash":"50e871939ef4ea62c58b58df2dfa2014_11.0.3"},"/Users/andeladeveloper/Documents/projects/document-manager/server/routes/documents.js":{"path":"/Users/andeladeveloper/Documents/projects/document-manager/server/routes/documents.js","statementMap":{"0":{"start":{"line":3,"column":0},"end":{"line":5,"column":3}},"1":{"start":{"line":7,"column":15},"end":{"line":7,"column":33}},"2":{"start":{"line":9,"column":16},"end":{"line":9,"column":48}},"3":{"start":{"line":11,"column":17},"end":{"line":11,"column":52}},"4":{"start":{"line":13,"column":18},"end":{"line":13,"column":52}},"5":{"start":{"line":15,"column":12},"end":{"line":15,"column":42}},"6":{"start":{"
[...]
:40}},"159":{"start":{"line":222,"column":10},"end":{"line":222,"column":62}},"160":{"start":{"line":223,"column":10},"end":{"line":223,"column":17}},"161":{"start":{"line":226,"column":6},"end":{"line":235,"column":9}},"162":{"start":{"line":227,"column":17},"end":{"line":227,"column":18}},"163":{"start":{"line":228,"column":8},"end":{"line":234,"column":11}},"164":{"start":{"line":229,"column":10},"end":{"line":229,"column":43}},"165":{"start":{"line":230,"column":10},"end":{"line":230,"column":45}},"166":{"start":{"line":231,"column":10},"end":{"line":231,"column":40}},"167":{"start":{"line":232,"column":10},"end":{"line":232,"column":56}},"168":{"start":{"line":233,"column":10},"end":{"line":233,"column":17}},"169":{"start":{"line":236,"column":6},"end":{"line":244,"column":9}},"170":{"start":{"line":237,"column":17},"end":{"line":237,"column":18}},"171":{"start":{"line":238,"column":8},"end":{"line":243,"column":11}},"172":{"start":{"line":239,"column":10},"end":{"line":239,"column":43}},"173":{"start":{"line":240,"column":10},"end":{"line":240,"column":45}},"174":{"start":{"line":241,"column":10},"end":{"line":241,"column":88}},"175":{"start":{"line":242,"column":10},"end":{"line":242,"column":17}},"176":{"start":{"line":245,"column":6},"end":{"line":253,"column":9}},"177":{"start":{"line":246,"column":17},"end":{"line":246,"column":21}},"178":{"start":{"line":247,"column":8},"end":{"line":252,"column":11}},"179":{"start":{"line":248,"column":10},"end":{"line":248,"column":43}},"180":{"start":{"line":249,"column":10},"end":{"line":249,"column":45}},"181":{"start":{"line":250,"column":10},"end":{"line":250,"column":88}},"182":{"start":{"line":251,"column":10},"end":{"line":251,"column":17}},"183":{"start":{"line":255,"column":4},"end":{"line":280,"column":7}},"184":{"start":{"line":256,"column":6},"end":{"line":262,"column":9}},"185":{"start":{"line":257,"column":17},"end":{"line":257,"column":18}},"186":{"start":{"line":258,"column":8},"end":{"line":261,"column":11}},"187":{"start":{"line":259,"column":10},"end":{"line":259,"column":43}},"188":{"start":{"line":260,"column":10},"end":{"line":260,"column":17}},"189":{"start":{"line":263,"column":6},"end":{"line":270,"column":9}},"190":{"start":{"line":264,"column":17},"end":{"line":264,"column":18}},"191":{"start":{"line":265,"column":8},"end":{"line":269,"column":11}},"192":{"start":{"line":266,"column":10},"end":{"line":266,"column":43}},"193":{"start":{"line":267,"column":10},"end":{"line":267,"column":89}},"194":{"start":{"line":268,"column":10},"end":{"line":268,"column":17}},"195":{"start":{"line":271,"column":6},"end":{"line":279,"column":9}},"196":{"start":{"line":272,"column":17},"end":{"line":272,"column":19}},"197":{"start":{"line":273,"column":8},"end":{"line":278,"column":11}},"198":{"start":{"line":274,"column":10},"end":{"line":274,"column":43}},"199":{"start":{"line":275,"column":10},"end":{"line":275,"column":45}},"200":{"start":{"line":276,"column":10},"end":{"line":276,"column":60}},"201":{"start":{"line":277,"column":10},"end":{"line":277,"column":17}},"202":{"start":{"line":281,"column":4},"end":{"line":312,"column":7}},"203":{"start":{"line":282,"column":6},"end":{"line":290,"column":9}},"204":{"start":{"line":283,"column":21},"end":{"line":283,"column":22}},"205":{"start":{"line":284,"column":8},"end":{"line":289,"column":11}},"206":{"start":{"line":285,"column":10},"end":{"line":285,"column":43}},"207":{"start":{"line":286,"column":10},"end":{"line":286,"column":42}},"208":{"start":{"line":287,"column":10},"end":{"line":287,"column":60}},"209":{"start":{"line":288,"column":10},"end":{"line":288,"column":17}},"210":{"start":{"line":291,"column":6},"end":{"line":300,"column":9}},"211":{"start":{"line":292,"column":21},"end":{"line":292,"column":22}},"212":{"start":{"line":293,"column":8},"end":{"line":299,"column":11}},"213":{"start":{"line":294,"column":10},"end":{"line":294,"column":43}},"214":{"start":{"line":295,"column":10},"end":{"line":295,"column":42}},"215":{"start":{"line":296,"column":10},"end":{"line":296,"column":64}},"216":{"start":{"line":297,"column":10},"end":{"line":297,"column":49}},"217":{"start":{"line":298,"column":10},"end":{"line":298,"column":17}},"218":{"start":{"line":301,"column":6},"end":{"line":311,"column":9}},"219":{"start":{"line":302,"column":21},"end":{"line":302,"column":22}},"220":{"start":{"line":303,"column":8},"end":{"line":310,"column":11}},"221":{"start":{"line":304,"column":10},"end":{"line":304,"column":43}},"222":{"start":{"line":305,"column":10},"end":{"line":305,"column":42}},"223":{"start":{"line":306,"column":10},"end":{"line":306,"column":56}},"224":{"start":{"line":307,"column":10},"end":{"line":307,"column":68}},"225":{"start":{"line":308,"column":10},"end":{"line":308,"column":85}},"226":{"start":{"line":309,"column":10},"end":{"line":309,"column":17}}},"fnMap":{"0":{"name":"_interopRequireDefault","decl":{"start":{"line":27,"column":9},"end":{"line":27,"column":31}},"loc":{"start":{"line":27,"column":37},"end":{"line":27,"column":95}},"line":27},"1":{"name":"(anonymous_1)","decl":{"start":{"line":41,"column":18},"end":{"line":41,"column":19}},"loc":{"start":{"line":41,"column":30},"end":{"line":314,"column":1}},"line":41},"2":{"name":"(anonymous_2)","decl":{"start":{"line":42,"column":9},"end":{"line":42,"column":10}},"loc":{"start":{"line":42,"column":25},"end":{"line":47,"column":3}},"line":42},"3":{"name":"(anonymous_3)","decl":{"start":{"line":43,"column":90},"end":{"line":43,"column":91}},"loc":{"start":{"line":43,"column":110},"end":{"line":46,"column":5}},"line":43},"4":{"name":"(anonymous_4)","decl":{"start":{"line":48,"column":9},"end":{"line":48,"column":10}},"loc":{"start":{"line":48,"column":25},"end":{"line":53,"column":3}},"line":48},"5":{"name":"(anonymous_5)","decl":{"start":{"line":49,"column":91},"end":{"line":49,"column":92}},"loc":{"start":{"line":49,"column":111},"end":{"line":52,"column":5}},"line":49},"6":{"name":"(anonymous_6)","decl":{"start":{"line":54,"column":9},"end":{"line":54,"column":10}},"loc":{"start":{"line":54,"column":25},"end":{"line":59,"column":3}},"line":54},"7":{"name":"(anonymous_7)","decl":{"start":{"line":55,"column":136},"end":{"line":55,"column":137}},"loc":{"start":{"line":55,"column":156},"end":{"line":58,"column":5}},"line":55},"8":{"name":"(anonymous_8)","decl":{"start":{"line":60,"column":8},"end":{"line":60,"column":9}},"loc":{"start":{"line":60,"column":24},"end":{"line":63,"column":3}},"line":60},"9":{"name":"(anonymous_9)","decl":{"start":{"line":65,"column":31},"end":{"line":65,"column":32}},"loc":{"start":{"line":65,"column":43},"end":{"line":313,"column":3}},"line":65},"10":{"name":"(anonymous_10)","decl":{"start":{"line":66,"column":75},"end":{"line":66,"column":76}},"loc":{"start":{"line":66,"column":91},"end":{"line":74,"column":5}},"line":66},"11":{"name":"(anonymous_11)","decl":{"start":{"line":67,"column":92},"end":{"line":67,"column":93}},"loc":{"start":{"line":67,"column":112},"end":{"line":73,"column":7}},"line":67},"12":{"name":"(anonymous_12)","decl":{"start":{"line":76,"column":59},"end":{"line":76,"column":60}},"loc":{"start":{"line":76,"column":75},"end":{"line":84,"column":5}},"line":76},"13":{"name":"(anonymous_13)","decl":{"start":{"line":77,"column":92},"end":{"line":77,"column":93}},"loc":{"start":{"line":77,"column":112},"end":{"line":83,"column":7}},"line":77},"14":{"name":"(anonymous_14)","decl":{"start":{"line":86,"column":50},"end":{"line":86,"column":51}},"loc":{"start":{"line":86,"column":66},"end":{"line":93,"column":5}},"line":86},"15":{"name":"(anonymous_15)","decl":{"start":{"line":87,"column":92},"end":{"line":87,"column":93}},"loc":{"start":{"line":87,"column":112},"end":{"line":92,"column":7}},"line":87},"16":{"name":"(anonymous_16)","decl":{"start":{"line":95,"column":34},"end":{"line":95,"column":35}},"loc":{"start":{"line":95,"column":46},"end":{"line":105,"column":5}},"line":95},"17":{"name":"(anonymous_17)","decl":{"start":{"line":96,"column":37},"end":{"line":96,"column":38}},"loc":{"start":{"line":96,"column":53},"end":{"line":104,"column":7}},"line":96},"18":{"name":"(anonymous_18)","decl":{"start":{"line":97,"column":92},"end":{"line":97,"column":93}},"loc":{"start":{"line":97,"column":112},"end":{"line":103,"column":9}},"line":97},"19":{"name":"(anonymous_19)","decl":{"start":{"line":107,"column":27},"end":{"line":107,"column":28}},"loc":{"start":{"line":107,"column":39},"end":{"line":142,"column":5}},"line":107},"20":{"name":"(anonymous_20)","decl":{"start":{"line":108,"column":58},"end":{"line":108,"column":59}},"loc":{"start":{"line":108,"column":74},"end":{"line":115,"column":7}},"line":108},"21":{"name":"(anonymous_21)","decl":{"start":{"line":109,"column":110},"end":{"line":109,"column":111}},"loc":{"start":{"line":109,"column":130},"end":{"line":114,"column":9}},"line":109},"22":{"name":"(anonymous_22)","decl":{"start":{"line":116,"column":74},"end":{"line":116,"column":75}},"loc":{"start":{"line":116,"column":90},"end":{"line":123,"column":7}},"line":116},"23":{"name":"(anonymous_23)","decl":{"start":{"line":117,"column":109},"end":{"line":117,"column":110}},"loc":{"start":{"line":117,"column":129},"end":{"line":122,"column":9}},"line":117},"24":{"name":"(anonymous_24)","decl":{"start":{"line":124,"column":66},"end":{"line":124,"column":67}},"loc":{"start":{"line":124,"column":82},"end":{"line":131,"column":7}},"line":124},"25":{"name":"(anonymous_25)","decl":{"start":{"line":125,"column":75},"end":{"line":125,"column":76}},"loc":{"start":{"line":125,"column":95},"end":{"line":130,"column":9}},"line":125},"26":{"name":"(anonymous_26)","decl":{"start":{"line":132,"column":63},"end":{"line":132,"column":64}},"loc":{"start":{"line":132,"column":79},"end":{"line":141,"column":7}},"line":132},"27":{"name":"(anonymous_27)","decl":{"start":{"line":134,"column":123},"end":{"line":134,"column":124}},"loc":{"start":{"line":134,"column":143},"end":{"line":140,"column":9}},"line":134},"28":{"name":"(anonymous_28)","decl":{"start":{"line":143,"column":32},"end":{"line":143,"column":33}},"loc":{"start":{"line":143,"column":44},"end":{"line":204,"column":5}},"line":143},"29":{"name":"(anonymous_29)","decl":{"start":{"line":144,"column":54},"end":{"line":144,"column":55}},"loc":{"start":{"line":144,"column":70},"end":{"line":156,"column":7}},"line":144},"30":{"name":"(anonymous_30)","decl":{"start":{"line":146,"column":116},"end":{"line":146,"column":117}},"loc":{"start":{"line":146,"column":136},"end":{"line":155,"column":9}},"line":146},"31":{"name":"(anonymous_31)","decl":{"start":{"line":157,"column":74},"end":{"line":157,"column":75}},"loc":{"start":{"line":157,"column":90},"end":{"line":169,"column":7}},"line":157},"32":{"name":"(anonymous_32)","decl":{"start":{"line":159,"column":115},"end":{"line":159,"column":116}},"loc":{"start":{"line":159,"column":135},"end":{"line":168,"column":9}},"line":159},"33":{"name":"(anonymous_33)","decl":{"start":{"line":170,"column":69},"end":{"line":170,"column":70}},"loc":{"start":{"line":170,"column":85},"end":{"line":177,"column":7}},"line":170},"34":{"name":"(anonymous_34)","decl":{"start":{"line":172,"column":116},"end":{"line":172,"column":117}},"loc":{"start":{"line":172,"column":136},"end":{"line":176,"column":9}},"line":172},"35":{"name":"(anonymous_35)","decl":{"start":{"line":178,"column":74},"end":{"line":178,"column":75}},"loc":{"start":{"line":178,"column":90},"end":{"line":186,"column":7}},"line":178},"36":{"name":"(anonymous_36)","decl":{"start":{"line":180,"column":117},"end":{"line":180,"column":118}},"loc":{"start":{"line":180,"column":137},"end":{"line":184,"column":9}},"line":180},"37":{"name":"(anonymous_37)","decl":{"start":{"line":187,"column":65},"end":{"line":187,"column":66}},"loc":{"start":{"line":187,"column":81},"end":{"line":195,"column":7}},"line":187},"38":{"name":"(anonymous_38)","decl":{"start":{"line":189,"column":116},"end":{"line":189,"column":117}},"loc":{"start":{"line":189,"column":136},"end":{"line":194,"column":9}},"line":189},"39":{"name":"(anonymous_39)","decl":{"start":{"line":196,"column":64},"end":{"line":196,"column":65}},"loc":{"start":{"line":196,"column":80},"end":{"line":203,"column":7}},"line":196},"40":{"name":"(anonymous_40)","decl":{"start":{"line":198,"column":116},"end":{"line":198,"column":117}},"loc":{"start":{"line":198,"column":136},"end":{"line":202,"column":9}},"line":198},"41":{"name":"(anonymous_41)","decl":{"start":{"line":205,"column":39},"end":{"line":205,"column":40}},"loc":{"start":{"line":205,"column":51},"end":{"line":254,"column":5}},"line":205},"42":{"name":"(anonymous_42)","decl":{"start":{"line":206,"column":73},"end":{"line":206,"column":74}},"loc":{"start":{"line":206,"column":89},"end":{"line":215,"column":7}},"line":206},"43":{"name":"(anonymous_43)","decl":{"start":{"line":208,"column":146},"end":{"line":208,"column":147}},"loc":{"start":{"line":208,"column":166},"end":{"line":214,"column":9}},"line":208},"44":{"name":"(anonymous_44)","decl":{"start":{"line":216,"column":69},"end":{"line":216,"column":70}},"loc":{"start":{"line":216,"column":85},"end":{"line":225,"column":7}},"line":216},"45":{"name":"(anonymous_45)","decl":{"start":{"line":218,"column":153},"end":{"line":218,"column":154}},"loc":{"start":{"line":218,"column":173},"end":{"line":224,"column":9}},"line":218},"46":{"name":"(anonymous_46)","decl":{"start":{"line":226,"column":72},"end":{"line":226,"column":73}},"loc":{"start":{"line":226,"column":88},"end":{"line":235,"column":7}},"line":226},"47":{"name":"(anonymous_47)","decl":{"start":{"line":228,"column":147},"end":{"line":228,"column":148}},"loc":{"start":{"line":228,"column":167},"end":{"line":234,"column":9}},"line":228},"48":{"name":"(anonymous_48)","decl":{"start":{"line":236,"column":102},"end":{"line":236,"column":103}},"loc":{"start":{"line":236,"column":118},"end":{"line":244,"column":7}},"line":236},"49":{"name":"(anonymous_49)","decl":{"start":{"line":238,"column":153},"end":{"line":238,"column":154}},"loc":{"start":{"line":238,"column":173},"end":{"line":243,"column":9}},"line":238},"50":{"name":"(anonymous_50)","decl":{"start":{"line":245,"column":99},"end":{"line":245,"column":100}},"loc":{"start":{"line":245,"column":115},"end":{"line":253,"column":7}},"line":245},"51":{"name":"(anonymous_51)","decl":{"start":{"line":247,"column":153},"end":{"line":247,"column":154}},"loc":{"start":{"line":247,"column":173},"end":{"line":252,"column":9}},"line":247},"52":{"name":"(anonymous_52)","decl":{"start":{"line":255,"column":35},"end":{"line":255,"column":36}},"loc":{"start":{"line":255,"column":47},"end":{"line":280,"column":5}},"line":255},"53":{"name":"(anonymous_53)","decl":{"start":{"line":256,"column":65},"end":{"line":256,"column":66}},"loc":{"start":{"line":256,"column":81},"end":{"line":262,"column":7}},"line":256},"54":{"name":"(anonymous_54)","decl":{"start":{"line":258,"column":119},"end":{"line":258,"column":120}},"loc":{"start":{"line":258,"column":139},"end":{"line":261,"column":9}},"line":258},"55":{"name":"(anonymous_55)","decl":{"start":{"line":263,"column":73},"end":{"line":263,"column":74}},"loc":{"start":{"line":263,"column":89},"end":{"line":270,"column":7}},"line":263},"56":{"name":"(anonymous_56)","decl":{"start":{"line":265,"column":118},"end":{"line":265,"column":119}},"loc":{"start":{"line":265,"column":138},"end":{"line":269,"column":9}},"line":265},"57":{"name":"(anonymous_57)","decl":{"start":{"line":271,"column":62},"end":{"line":271,"column":63}},"loc":{"start":{"line":271,"column":78},"end":{"line":279,"column":7}},"line":271},"58":{"name":"(anonymous_58)","decl":{"start":{"line":273,"column":119},"end":{"line":273,"column":120}},"loc":{"start":{"line":273,"column":139},"end":{"line":278,"column":9}},"line":273},"59":{"name":"(anonymous_59)","decl":{"start":{"line":281,"column":51},"end":{"line":281,"column":52}},"loc":{"start":{"line":281,"column":63},"end":{"line":312,"column":5}},"line":281},"60":{"name":"(anonymous_60)","decl":{"start":{"line":282,"column":68},"end":{"line":282,"column":69}},"loc":{"start":{"line":282,"column":84},"end":{"line":290,"column":7}},"line":282},"61":{"name":"(anonymous_61)","decl":{"start":{"line":284,"column":134},"end":{"line":284,"column":135}},"loc":{"start":{"line":284,"column":154},"end":{"line":289,"column":9}},"line":284},"62":{"name":"(anonymous_62)","decl":{"start":{"line":291,"column":70},"end":{"line":291,"column":71}},"loc":{"start":{"line":291,"column":86},"end":{"line":300,"column":7}},"line":291},"63":{"name":"(anonymous_63)","decl":{"start":{"line":293,"column":100},"end":{"line":293,"column":101}},"loc":{"start":{"line":293,"column":120},"end":{"line":299,"column":9}},"line":293},"64":{"name":"(anonymous_64)","decl":{"start":{"line":301,"column":69},"end":{"line":301,"column":70}},"loc":{"start":{"line":301,"column":85},"end":{"line":311,"column":7}},"line":301},"65":{"name":"(anonymous_65)","decl":{"start":{"line":303,"column":134},"end":{"line":303,"column":135}},"loc":{"start":{"line":303,"column":154},"end":{"line":310,"column":9}},"line":303}},"branchMap":{"0":{"loc":{"start":{"line":27,"column":46},"end":{"line":27,"column":92}},"type":"cond-expr","locations":[{"start":{"line":27,"column":70},"end":{"line":27,"column":73}},{"start":{"line":27,"column":76},"end":{"line":27,"column":92}}],"line":27},"1":{"loc":{"start":{"line":27,"column":46},"end":{"line":27,"column":67}},"type":"binary-expr","locations":[{"start":{"line":27,"column":46},"end":{"line":27,"column":49}},{"start":{"line":27,"column":53},"end":{"line":27,"column":67}}],"line":27}},"s":{"0":1,"1":1,"2":1,"3":1,"4":1,"5":1,"6":1,"7":1,"8":1,"9":1,"10":1,"11":1,"12":6,"13":1,"14":1,"15":1,"16":1,"17":1,"18":1,"19":1,"20":1,"21":1,"22":1,"23":1,"24":1,"25":1,"26":1,"27":1,"28":1,"29":1,"30":1,"31":1,"32":1,"33":1,"34":1,"35":1,"36":1,"37":1,"38":1,"39":1,"40":1,"41":1,"42":1,"43":1,"44":1,"45":1,"46":1,"47":1,"48":1,"49":1,"50":1,"51":1,"52":1,"53":1,"54":1,"55":1,"56":1,"57":1,"58":1,"59":1,"60":1,"61":1,"62":1,"63":1,"64":1,"65":1,"66":1,"67":1,"68":1,"69":1,"70":1,"71":1,"72":1,"73":1,"74":1,"75":1,"76":1,"77":1,"78":1,"79":1,"80":1,"81":1,"82":1,"83":1,"84":1,"85":1,"86":1,"87":1,"88":1,"89":1,"90":1,"91":1,"92":1,"93":1,"94":1,"95":1,"96":1,"97":1,"98":1,"99":1,"100":1,"101":1,"102":1,"103":1,"104":1,"105":1,"106":1,"107":1,"108":1,"109":1,"110":1,"111":1,"112":1,"113":1,"114":1,"115":1,"116":1,"117":1,"118":1,"119":1,"120":1,"121":1,"122":1,"123":1,"124":1,"125":1,"126":1,"127":1,"128":0,"129":0,"130":1,"131":1,"132":1,"133":1,"134":1,"135":1,"136":1,"137":1,"138":1,"139":1,"140":1,"141":1,"142":1,"143":0,"144":1,"145":1,"146":1,"147":1,"148":1,"149":1,"150":1,"151":1,"152":1,"153":1,"154":1,"155":1,"156":1,"157":1,"158":1,"159":1,"160":1,"161":1,"162":1,"163":1,"164":1,"165":1,"166":1,"167":1,"168":1,"169":1,"170":1,"171":1,"172":1,"173":1,"174":1,"175":1,"176":1,"177":1,"178":1,"179":1,"180":1,"181":1,"182":1,"183":1,"184":1,"185":1,"186":1,"187":1,"188":1,"189":1,"190":1,"191":1,"192":1,"193":1,"194":1,"195":1,"196":1,"197":1,"198":1,"199":1,"200":1,"201":1,"202":1,"203":1,"204":1,"205":1,"206":1,"207":1,"208":1,"209":1,"210":1,"211":1,"212":1,"213":1,"214":1,"215":1,"216":1,"217":1,"218":1,"219":1,"220":1,"221":1,"222":1,"223":1,"224":1,"225":1,"226":1},"f":{"0":6,"1":1,"2":1,"3":1,"4":1,"5":1,"6":1,"7":1,"8":1,"9":1,"10":1,"11":1,"12":1,"13":1,"14":1,"15":1,"16":1,"17":1,"18":1,"19":1,"20":1,"21":1,"22":1,"23":1,"24":1,"25":1,"26":1,"27":1,"28":1,"29":1,"30":1,"31":1,"32":1,"33":1,"34":1,"35":1,"36":1,"37":1,"38":1,"39":1,"40":1,"41":1,"42":1,"43":1,"44":1,"45":1,"46":1,"47":1,"48":1,"49":1,"50":1,"51":1,"52":1,"53":1,"54":1,"55":1,"56":1,"57":1,"58":1,"59":1,"60":1,"61":1,"62":1,"63":1,"64":1,"65":1},"b":{"0":[2,4],"1":[6,6]},"_coverageSchema":"332fd63041d2c1bcb487cc26dd0d5f7d97098a6c","hash":"713a643645eedc6218cd0bff22af62fbb26e9d38","contentHash":"f3d48e125f75eafa9592af49762a9de6_11.0.3"}}